2020-11-18 00:35:37,333 INFO osmnx Configured osmnx
2020-11-18 00:35:45,651 INFO osmnx Found nearest node (66701452) to point (42.3869382, -72.52991477067445) in 0.01 seconds
2020-11-18 00:35:45,661 INFO osmnx Found nearest node (66711889) to point (42.3497246, -72.5279153) in 0.01 seconds
2020-11-18 00:35:45,669 INFO osmnx Found nearest node (66701452) to point (42.3869382, -72.52991477067445) in 0.01 seconds
2020-11-18 00:35:45,677 INFO osmnx Found nearest node (66711889) to point (42.3497246, -72.5279153) in 0.01 seconds
2020-11-18 00:36:22,975 INFO osmnx Found nearest node (66775442) to point (40.187362, -105.131657) in 0.03 seconds
2020-11-18 00:36:53,647 INFO osmnx Found nearest node (66701452) to point (42.3869382, -72.52991477067445) in 0.01 seconds
2020-11-18 00:36:53,655 INFO osmnx Found nearest node (66711889) to point (42.3497246, -72.5279153) in 0.01 seconds
2020-11-18 00:36:53,666 INFO osmnx Found nearest node (66701452) to point (42.3869382, -72.52991477067445) in 0.01 seconds
2020-11-18 00:36:53,674 INFO osmnx Found nearest node (66711889) to point (42.3497246, -72.5279153) in 0.01 seconds
2020-11-18 01:09:24,263 INFO osmnx Configured osmnx
2020-11-18 01:09:30,385 INFO osmnx Retrieved response from cache file "cache/d987cd401e29ff102c2b59c30a188d92.json" for URL "https://nominatim.openstreetmap.org/search?format=json&limit=1&dedupe=0&polygon_geojson=1&city=Amherst&country=USA&state=MA"
2020-11-18 01:09:30,389 INFO osmnx Created GeoDataFrame with 1 row for query "{'city': 'Amherst', 'state': 'MA', 'country': 'USA'}"
2020-11-18 01:09:30,390 INFO osmnx Constructed place geometry polygon(s) to query API
2020-11-18 01:09:30,472 INFO osmnx Projected the GeoDataFrame "geometry to project" to UTM-18 in 0.08 seconds
2020-11-18 01:09:30,592 INFO osmnx Projected the GeoDataFrame "geometry to project" to default_crs in 0.11 seconds
2020-11-18 01:09:30,673 INFO osmnx Projected the GeoDataFrame "geometry to project" to UTM-18 in 0.07 seconds
2020-11-18 01:09:30,774 INFO osmnx Projected the GeoDataFrame "geometry to project" to default_crs in 0.10 seconds
2020-11-18 01:09:30,777 INFO osmnx Requesting network data within polygon from API in 1 request(s)
2020-11-18 01:09:30,910 INFO osmnx Retrieved response from cache file "cache/85de55aab5cdc3dc84c77b15ff220a16.json" for URL "http://overpass-api.de/api/interpreter?data=%5Bout%3Ajson%5D%5Btimeout%3A180%5D%3B%28way%5B%22highway%22%5D%5B%22area%22%21~%22yes%22%5D%5B%22highway%22%21~%22cycleway%7Cfootway%7Cpath%7Cpedestrian%7Csteps%7Ctrack%7Ccorridor%7Cproposed%7Cconstruction%7Cbridleway%7Cabandoned%7Cplatform%7Craceway%7Cservice%22%5D%5B%22motor_vehicle%22%21~%22no%22%5D%5B%22motorcar%22%21~%22no%22%5D%5B%22access%22%21~%22private%22%5D%5B%22service%22%21~%22parking%7Cparking_aisle%7Cdriveway%7Cprivate%7Cemergency_access%22%5D%28poly%3A%2242.400402+-72.552834+42.427467+-72.550260+42.427891+-72.550192+42.428309+-72.550070+42.428715+-72.549896+42.429108+-72.549670+42.429483+-72.549395+42.429837+-72.549074+42.430167+-72.548708+42.430470+-72.548302+42.430743+-72.547859+42.430984+-72.547383+42.431190+-72.546879+42.431360+-72.546350+42.431492+-72.545802+42.431585+-72.545240+42.433288+-72.532008+42.433299+-72.531915+42.436962+-72.500528+42.438245+-72.490975+42.438302+-72.490381+42.438316+-72.489783+42.438286+-72.489185+42.438213+-72.488595+42.438097+-72.488017+42.437940+-72.487457+42.437742+-72.486921+42.437507+-72.486414+42.437235+-72.485940+42.436931+-72.485505+42.436596+-72.485113+42.436234+-72.484766+42.435849+-72.484470+42.435444+-72.484226+42.435023+-72.484038+42.434590+-72.483906+42.408255+-72.477704+42.408166+-72.477689+42.408166+-72.477685+42.375784+-72.470954+42.375750+-72.470948+42.352130+-72.466285+42.352095+-72.466278+42.308669+-72.458188+42.308217+-72.458135+42.307763+-72.458143+42.307312+-72.458213+42.306868+-72.458344+42.306437+-72.458535+42.306022+-72.458783+42.305628+-72.459086+42.305258+-72.459441+42.304917+-72.459844+42.304608+-72.460292+42.304334+-72.460779+42.304097+-72.461301+42.303901+-72.461852+42.303747+-72.462428+42.303637+-72.463021+42.303572+-72.463626+42.302635+-72.477016+42.302630+-72.477105+42.302606+-72.477513+42.301505+-72.479881+42.301293+-72.480390+42.301118+-72.480924+42.300982+-72.481477+42.300887+-72.482046+42.300391+-72.485832+42.299764+-72.487506+42.298438+-72.490405+42.298227+-72.490921+42.298053+-72.491462+42.297920+-72.492024+42.297828+-72.492600+42.297778+-72.493186+42.297770+-72.493776+42.297805+-72.494363+42.297882+-72.494944+42.298001+-72.495511+42.298160+-72.496061+42.298358+-72.496587+42.298593+-72.497084+42.298862+-72.497549+42.300676+-72.500378+42.300667+-72.500897+42.300698+-72.501473+42.301004+-72.504879+42.301092+-72.505548+42.301236+-72.506199+42.301432+-72.506825+42.301557+-72.507166+42.301320+-72.508187+42.298014+-72.519136+42.297870+-72.519686+42.297767+-72.520252+42.297704+-72.520829+42.297682+-72.521411+42.297702+-72.521993+42.297764+-72.522570+42.297866+-72.523136+42.298008+-72.523687+42.298031+-72.523762+42.297935+-72.523980+42.297488+-72.525105+42.297292+-72.525665+42.297139+-72.526248+42.297032+-72.526850+42.296970+-72.527463+42.296955+-72.528081+42.296987+-72.528698+42.297066+-72.529308+42.297190+-72.529904+42.297359+-72.530479+42.297570+-72.531028+42.297822+-72.531546+42.298111+-72.532026+42.299475+-72.534065+42.299476+-72.534071+42.299477+-72.534080+42.299852+-72.536426+42.299972+-72.537025+42.300136+-72.537604+42.300344+-72.538157+42.300592+-72.538678+42.300878+-72.539163+42.301200+-72.539606+42.301553+-72.540003+42.301935+-72.540348+42.302341+-72.540640+42.302767+-72.540874+42.303208+-72.541049+42.303660+-72.541161+42.315501+-72.543279+42.315600+-72.543587+42.315820+-72.544119+42.316079+-72.544618+42.316374+-72.545080+42.316701+-72.545500+42.317058+-72.545874+42.317442+-72.546197+42.317847+-72.546467+42.318270+-72.546681+42.318708+-72.546837+42.319154+-72.546932+42.319606+-72.546967+42.320057+-72.546940+42.357792+-72.542158+42.357935+-72.542261+42.358340+-72.542489+42.358760+-72.542663+42.359191+-72.542780+42.359628+-72.542840+42.360067+-72.542843+42.365323+-72.542526+42.365760+-72.542471+42.366191+-72.542359+42.366612+-72.542190+42.367018+-72.541967+42.367407+-72.541692+42.367774+-72.541367+42.367859+-72.541275+42.396345+-72.538230+42.395620+-72.546019+42.395587+-72.546613+42.395597+-72.547209+42.395650+-72.547800+42.395745+-72.548381+42.395883+-72.548947+42.396061+-72.549492+42.396277+-72.550011+42.396530+-72.550499+42.396818+-72.550951+42.397137+-72.551363+42.397484+-72.551731+42.397856+-72.552051+42.398250+-72.552320+42.398661+-72.552536+42.399086+-72.552697+42.399521+-72.552801+42.399961+-72.552846+42.400402+-72.552834%22%29%3B%3E%3B%29%3Bout%3B"
2020-11-18 01:09:30,919 INFO osmnx Got all network data within polygon from API in 1 request(s) and 0.14 seconds
2020-11-18 01:09:30,919 INFO osmnx Creating networkx graph from downloaded OSM data...
2020-11-18 01:09:31,631 INFO osmnx Created graph with 14,620 nodes and 28,823 edges in 0.71 seconds
2020-11-18 01:09:32,249 INFO osmnx Added edge lengths to graph in 0.60 seconds
2020-11-18 01:09:32,874 INFO osmnx Identifying all nodes that lie outside the polygon...
2020-11-18 01:09:34,377 INFO osmnx Created r-tree spatial index for 14,620 points in 1.22 seconds
2020-11-18 01:09:35,087 INFO osmnx Identified 13,606 nodes inside polygon in 0.71 seconds
2020-11-18 01:09:35,100 INFO osmnx Removed 1,014 nodes outside polygon in 0.00 seconds
2020-11-18 01:09:35,162 INFO osmnx Begin topologically simplifying the graph...
2020-11-18 01:09:36,077 INFO osmnx Identified 931 edge endpoints in 0.27 seconds
2020-11-18 01:09:36,148 INFO osmnx Constructed all paths to simplify in 0.07 seconds
2020-11-18 01:09:37,829 INFO osmnx Simplified graph (from 13,606 to 931 nodes and from 26,836 to 2,378 edges) in 1.68 seconds
2020-11-18 01:09:37,876 INFO osmnx Identifying all nodes that lie outside the polygon...
2020-11-18 01:09:38,023 INFO osmnx Created r-tree spatial index for 931 points in 0.11 seconds
2020-11-18 01:09:38,091 INFO osmnx Identified 831 nodes inside polygon in 0.07 seconds
2020-11-18 01:09:38,094 INFO osmnx Removed 100 nodes outside polygon in 0.00 seconds
2020-11-18 01:09:38,097 INFO osmnx Removed 1 isolated nodes
2020-11-18 01:09:38,149 INFO osmnx Graph was not connected, retained only the largest weakly connected component (816 of 830 total nodes) in 0.05 seconds
2020-11-18 01:09:38,480 INFO osmnx Got the counts of undirected street segments incident to each node (before removing peripheral edges) in 0.32 seconds
2020-11-18 01:09:38,491 INFO osmnx graph_from_polygon() returning graph with 816 nodes and 2,138 edges
2020-11-18 01:09:38,510 INFO osmnx graph_from_place() returning graph with 816 nodes and 2,138 edges
2020-11-18 01:09:38,514 INFO osmnx Requesting node elevations from the API in 4.0 calls.
2020-11-18 01:09:38,515 INFO osmnx 3474
2020-11-18 01:09:38,516 INFO osmnx Retrieved response from cache file "cache/3f46b86ecbfa2c66966d7c97c442ac76.json" for URL "https://api.open-elevation.com/api/v1/lookup?locations=42.39264,-72.51842|42.37577,-72.50849|42.37815,-72.50003|42.36731,-72.52017|42.41037,-72.53106|42.35762,-72.49117|42.31863,-72.53281|42.37382,-72.47751|42.37480,-72.51983|42.33635,-72.53289|42.36872,-72.48015|42.40994,-72.53094|42.36798,-72.47733|42.37271,-72.51696|42.38697,-72.51858|42.32331,-72.52476|42.37459,-72.52142|42.40559,-72.51470|42.39058,-72.51547|42.34526,-72.51891|42.41414,-72.51060|42.33839,-72.51438|42.34856,-72.53054|42.37769,-72.51382|42.36485,-72.48584|42.33947,-72.50972|42.38871,-72.51689|42.36438,-72.48468|42.37307,-72.51147|42.37479,-72.51895|42.41879,-72.51290|42.32252,-72.52485|42.38395,-72.52766|42.37476,-72.51689|42.35723,-72.49079|42.41311,-72.50900|42.34012,-72.51423|42.42163,-72.53724|42.36874,-72.52890|42.39767,-72.53126|42.36676,-72.53278|42.40166,-72.51167|42.39903,-72.53134|42.36356,-72.48745|42.35498,-72.49119|42.38586,-72.50842|42.35278,-72.49019|42.33933,-72.47322|42.39766,-72.53033|42.37485,-72.50864|42.38000,-72.52355|42.37641,-72.48717|42.34576,-72.51179|42.37588,-72.51503|42.36653,-72.47946|42.39606,-72.50985|42.36734,-72.53173|42.33640,-72.53203|42.37473,-72.51328|42.36639,-72.48105|42.38516,-72.52720|42.41291,-72.51317|42.37489,-72.48105|42.37587,-72.51144|42.37402,-72.50093|42.35705,-72.49208|42.39680,-72.52769|42.31747,-72.53508|42.39569,-72.51547|42.36889,-72.51160|42.37583,-72.51985|42.31474,-72.47912|42.41561,-72.52533|42.42293,-72.52830|42.38430,-72.52126|42.38431,-72.49996|42.36625,-72.49243|42.42013,-72.50911|42.35161,-72.48682|42.38304,-72.53187|42.34219,-72.50463|42.41349,-72.51609|42.40454,-72.52165|42.38280,-72.52729|42.38471,-72.52876|42.37808,-72.50945|42.33124,-72.50162|42.40593,-72.50792|42.37565,-72.51983|42.41304,-72.50858|42.34172,-72.48422|42.34329,-72.50432|42.40568,-72.53592|42.31336,-72.46728|42.40577,-72.53502|42.38448,-72.51800|42.37198,-72.51329|42.36609,-72.53408|42.40765,-72.51720|42.34360,-72.52036|42.40561,-72.53663|42.37760,-72.52194|42.38188,-72.52600|42.40454,-72.52969|42.37412,-72.53062|42.37360,-72.48075|42.36653,-72.47672|42.31719,-72.46704|42.35248,-72.52167|42.40199,-72.53117|42.38485,-72.53267|42.31341,-72.47218|42.38692,-72.52265|42.40350,-72.52926|42.36805,-72.53352|42.40554,-72.52255|42.38691,-72.49814|42.41427,-72.51294|42.34970,-72.48107|42.33567,-72.52708|42.36605,-72.53129|42.38369,-72.51756|42.35789,-72.51961|42.37839,-72.51564|42.35316,-72.52982|42.31997,-72.52979|42.35568,-72.52087|42.37212,-72.52211|42.33805,-72.53170|42.30655,-72.53422|42.35542,-72.48918|42.34345,-72.48048|42.37206,-72.47767|42.35403,-72.52701|42.38392,-72.52270|42.40196,-72.53143|42.34813,-72.52929|42.36070,-72.52078|42.41325,-72.51822|42.36725,-72.52812|42.37029,-72.52578|42.38582,-72.52249|42.37561,-72.52404|42.41016,-72.52864|42.36980,-72.47931|42.34749,-72.48086|42.41492,-72.50581|42.32390,-72.49945|42.32510,-72.50164|42.41077,-72.50779|42.38067,-72.50905|42.36538,-72.48190|42.37570,-72.51900|42.37160,-72.52316|42.36390,-72.50358|42.35281,-72.52790|42.39517,-72.51232|42.31525,-72.46649|42.38425,-72.51611|42.37758,-72.51866|42.33819,-72.52368|42.38878,-72.51729|42.33501,-72.53684|42.37591,-72.51320|42.32520,-72.53328|42.39980,-72.50711|42.40717,-72.51310|42.32032,-72.53436|42.41381,-72.50850|42.36767,-72.47697|42.36011,-72.52545|42.40372,-72.51760|42.34308,-72.47781|42.38146,-72.49941|42.31904,-72.52751|42.33714,-72.53300|42.37820,-72.52956|42.35972,-72.48153|42.36313,-72.48393|42.40603,-72.53247"
2020-11-18 01:09:38,516 INFO osmnx 3474
2020-11-18 01:09:38,517 INFO osmnx Retrieved response from cache file "cache/607f8f31ba972c376c8620d9e451ae0f.json" for URL "https://api.open-elevation.com/api/v1/lookup?locations=42.40518,-72.53411|42.40435,-72.53434|42.36601,-72.48194|42.38454,-72.52872|42.31804,-72.50199|42.37978,-72.51161|42.40705,-72.51860|42.40708,-72.51742|42.36118,-72.52459|42.36380,-72.48329|42.35340,-72.47832|42.41293,-72.52090|42.34040,-72.50404|42.40652,-72.51218|42.34146,-72.47847|42.31500,-72.53404|42.32704,-72.49925|42.39272,-72.51851|42.39704,-72.53126|42.37260,-72.52652|42.31910,-72.50638|42.38135,-72.52791|42.36392,-72.48116|42.34136,-72.50397|42.34682,-72.53003|42.36722,-72.52018|42.39550,-72.53219|42.33308,-72.50433|42.38508,-72.52168|42.31457,-72.48226|42.35437,-72.52388|42.37297,-72.50485|42.38058,-72.52560|42.35797,-72.48539|42.37908,-72.51669|42.38539,-72.52506|42.37639,-72.48613|42.37582,-72.51687|42.35933,-72.48336|42.32341,-72.50106|42.34030,-72.53118|42.38367,-72.52374|42.35478,-72.48550|42.39517,-72.51318|42.36816,-72.48010|42.40819,-72.51738|42.38135,-72.51907|42.36354,-72.47919|42.34520,-72.52045|42.38456,-72.51299|42.39598,-72.52451|42.40325,-72.51895|42.34161,-72.48044|42.34573,-72.47959|42.40878,-72.53833|42.34516,-72.51719|42.37941,-72.52298|42.35786,-72.49092|42.32904,-72.47886|42.37882,-72.50933|42.36687,-72.53285|42.41604,-72.50646|42.33444,-72.52423|42.41307,-72.52926|42.34357,-72.52254|42.38551,-72.50438|42.35157,-72.53025|42.41560,-72.50747|42.33330,-72.50263|42.35404,-72.52791|42.41609,-72.50479|42.37858,-72.51508|42.40639,-72.52984|42.35363,-72.47516|42.38524,-72.52578|42.40493,-72.53228|42.40749,-72.51777|42.35239,-72.53024|42.36529,-72.47648|42.38327,-72.51368|42.33857,-72.52815|42.38186,-72.51968|42.37670,-72.53242|42.38505,-72.53096|42.37924,-72.51977|42.42513,-72.48888|42.41375,-72.52009|42.35962,-72.48046|42.35269,-72.47847|42.31734,-72.53539|42.36185,-72.48157|42.32114,-72.49365|42.34472,-72.47784|42.31408,-72.46699|42.31569,-72.47487|42.38598,-72.52256|42.41564,-72.50786|42.37571,-72.50636|42.40656,-72.51454|42.31920,-72.50663|42.41913,-72.50787|42.33523,-72.52553|42.40233,-72.52850|42.38441,-72.52416|42.37608,-72.51782|42.37616,-72.51756|42.32063,-72.49392|42.36527,-72.53401|42.36302,-72.49926|42.33267,-72.52357|42.37508,-72.52587|42.32254,-72.52327|42.35654,-72.50450|42.35156,-72.52788|42.37221,-72.48029|42.38548,-72.51904|42.34724,-72.48598|42.34003,-72.52018|42.34835,-72.52933|42.36359,-72.48607|42.38215,-72.50199|42.41513,-72.51877|42.37400,-72.51982|42.37124,-72.47995|42.35650,-72.49229|42.32176,-72.53416|42.38009,-72.52250|42.36493,-72.48334|42.40639,-72.51319|42.37879,-72.52700|42.38678,-72.52252|42.37533,-72.51134|42.38440,-72.53237|42.39471,-72.53189|42.36453,-72.48645|42.39061,-72.51969|42.39879,-72.52805|42.41138,-72.50921|42.41282,-72.51361|42.41160,-72.50806|42.39488,-72.52681|42.38306,-72.51892|42.35075,-72.50419|42.41531,-72.50592|42.40684,-72.53261|42.38564,-72.52515|42.35239,-72.50639|42.31708,-72.53471|42.38237,-72.53178|42.32412,-72.50380|42.33652,-72.53691|42.41315,-72.51193|42.37577,-72.51831|42.34547,-72.48584|42.34107,-72.50518|42.35581,-72.48037|42.34224,-72.50420|42.34400,-72.51587|42.35043,-72.53225|42.38825,-72.51065|42.37582,-72.51010|42.37303,-72.50888|42.37246,-72.52144|42.41068,-72.52375|42.37396,-72.52262|42.33327,-72.50465|42.37594,-72.48525|42.41764,-72.49625|42.41974,-72.51195|42.37876,-72.50345|42.36773,-72.47962|42.36526,-72.47884|42.37805,-72.51992|42.31646,-72.53368|42.36509,-72.48473|42.38055,-72.50773|42.40624,-72.52982|42.37318,-72.51695|42.38375,-72.52661|42.42585,-72.52885"
2020-11-18 01:09:38,518 INFO osmnx 3474
2020-11-18 01:09:38,518 INFO osmnx Retrieved response from cache file "cache/d0ef8e96a1558c54f37820abf126666e.json" for URL "https://api.open-elevation.com/api/v1/lookup?locations=42.31410,-72.53083|42.37246,-72.52668|42.37842,-72.51321|42.37580,-72.50390|42.35240,-72.47261|42.38510,-72.50743|42.34348,-72.47228|42.40892,-72.53791|42.36307,-72.48003|42.41428,-72.52816|42.35494,-72.48720|42.36437,-72.47701|42.37166,-72.51521|42.33434,-72.52338|42.38493,-72.52710|42.31795,-72.53397|42.33286,-72.50468|42.33398,-72.53490|42.41631,-72.52029|42.37644,-72.50053|42.37970,-72.52533|42.37803,-72.51680|42.37382,-72.53283|42.41759,-72.52212|42.32131,-72.49703|42.38435,-72.52871|42.40152,-72.51052|42.37935,-72.50791|42.32511,-72.52871|42.38478,-72.53249|42.38516,-72.53096|42.33618,-72.53534|42.32038,-72.53521|42.38356,-72.51640|42.38291,-72.52215|42.40466,-72.51487|42.38545,-72.52188|42.39557,-72.51134|42.31261,-72.50126|42.40774,-72.51599|42.37635,-72.48146|42.37321,-72.51981|42.35961,-72.48461|42.38471,-72.52859|42.34009,-72.51613|42.39856,-72.52945|42.37067,-72.51981|42.32433,-72.50119|42.36410,-72.48977|42.37539,-72.51140|42.37568,-72.50505|42.36658,-72.53343|42.37069,-72.47878|42.38117,-72.52382|42.33844,-72.53336|42.34684,-72.47930|42.37400,-72.48359|42.35040,-72.53335|42.40745,-72.51023|42.40294,-72.51315|42.34576,-72.51781|42.34606,-72.51880|42.36574,-72.53207|42.40329,-72.49611|42.37151,-72.51760|42.38086,-72.52375|42.40640,-72.52170|42.33754,-72.53551|42.39537,-72.52641|42.37823,-72.51108|42.37494,-72.48720|42.38797,-72.50791|42.38094,-72.50602|42.36456,-72.48541|42.37586,-72.51576|42.37402,-72.50207|42.38475,-72.53262|42.38227,-72.52005|42.40819,-72.50900|42.31407,-72.53384|42.35005,-72.52577|42.34470,-72.47982|42.39509,-72.52739|42.37941,-72.49975|42.42452,-72.49675|42.34905,-72.48318|42.40798,-72.51431|42.40568,-72.50518|42.41886,-72.50790|42.40029,-72.50841|42.37101,-72.52433|42.33344,-72.52089|42.39751,-72.53123|42.36645,-72.52602|42.38322,-72.51959|42.37756,-72.51991|42.33397,-72.53242|42.35788,-72.51767|42.31632,-72.47153|42.38383,-72.51351|42.37667,-72.51661|42.40632,-72.52295|42.37635,-72.48118|42.37291,-72.50119|42.31797,-72.50050|42.38490,-72.51585|42.36284,-72.52075|42.35155,-72.53230|42.39634,-72.52994|42.36423,-72.48352|42.39449,-72.51265|42.37479,-72.48616|42.31605,-72.48886|42.36214,-72.52452|42.35224,-72.49063|42.41615,-72.48963|42.38264,-72.52318|42.36324,-72.48903|42.40817,-72.51902|42.35606,-72.49536|42.38831,-72.51694|42.36181,-72.48782|42.36508,-72.48422|42.40342,-72.49587|42.35684,-72.48525|42.36301,-72.48045|42.38332,-72.52071|42.41627,-72.48675|42.37203,-72.51884|42.31497,-72.47139|42.40528,-72.51841|42.41584,-72.53322|42.37422,-72.52372|42.37322,-72.53050|42.38073,-72.53190|42.31858,-72.53327|42.36654,-72.48147|42.36954,-72.52733|42.32023,-72.53244|42.34073,-72.50460|42.35069,-72.50718|42.36885,-72.51998|42.31623,-72.53455|42.40680,-72.50599|42.35837,-72.48469|42.33508,-72.53527|42.40512,-72.51991|42.35831,-72.48253|42.35422,-72.52202|42.41461,-72.51728|42.37633,-72.51684|42.39622,-72.51103|42.35546,-72.49059|42.37836,-72.52493|42.36563,-72.48069|42.31721,-72.49566|42.31892,-72.52787|42.40343,-72.51323|42.34968,-72.48404|42.34907,-72.47608|42.38904,-72.51879|42.33730,-72.53138|42.37591,-72.51286|42.35156,-72.52738|42.32187,-72.53660|42.38037,-72.50620|42.38677,-72.50562|42.37918,-72.52211|42.33913,-72.51590|42.36435,-72.49985|42.35092,-72.52006|42.36545,-72.52556|42.38302,-72.51091|42.33582,-72.52464|42.40500,-72.53074|42.36305,-72.48151|42.32385,-72.50107|42.37476,-72.51576|42.37171,-72.48005|42.39983,-72.52984"
2020-11-18 01:09:38,519 INFO osmnx 3474
2020-11-18 01:09:38,520 INFO osmnx Retrieved response from cache file "cache/fe675cf4e6bb29d4a64992f7fabac32c.json" for URL "https://api.open-elevation.com/api/v1/lookup?locations=42.33523,-72.53233|42.32248,-72.49507|42.41299,-72.50799|42.34056,-72.47863|42.31332,-72.46611|42.35341,-72.47594|42.35347,-72.48833|42.37755,-72.53230|42.36239,-72.48501|42.34783,-72.51270|42.37464,-72.52746|42.34022,-72.50974|42.40516,-72.52970|42.36669,-72.53290|42.39930,-72.52971|42.38059,-72.50238|42.40234,-72.51535|42.37221,-72.48193|42.35400,-72.52416|42.41577,-72.52714|42.40651,-72.50804|42.34491,-72.48217|42.37874,-72.50801|42.40220,-72.53575|42.40598,-72.52423|42.34699,-72.47994|42.37142,-72.51638|42.37636,-72.48089|42.35664,-72.48216|42.38424,-72.51814|42.40405,-72.52725|42.37638,-72.48525|42.34549,-72.51828|42.36316,-72.47974|42.36714,-72.53330|42.37256,-72.49993|42.38137,-72.52291|42.37228,-72.51975|42.35979,-72.47972|42.40467,-72.52126|42.41047,-72.50730|42.40718,-72.52049|42.37806,-72.52676|42.41257,-72.52833|42.30584,-72.52951|42.35055,-72.50678|42.38531,-72.49865|42.38546,-72.52589|42.37393,-72.52133|42.36680,-72.53299|42.40574,-72.50623|42.41086,-72.50942|42.41488,-72.51901|42.37317,-72.51576|42.36199,-72.52076|42.37045,-72.51636|42.33574,-72.53220|42.37651,-72.48936|42.34014,-72.51321|42.34631,-72.47959|42.32471,-72.50372|42.38822,-72.51557|42.34699,-72.50414|42.35291,-72.48624|42.41554,-72.49065|42.38779,-72.50558|42.33907,-72.53316|42.41343,-72.51947|42.33273,-72.52081|42.37262,-72.52114|42.36590,-72.53214|42.36843,-72.52279|42.36439,-72.49890|42.40687,-72.50383|42.34667,-72.48291|42.37313,-72.51337|42.31708,-72.48009|42.37817,-72.48094|42.40630,-72.53056|42.35794,-72.48576|42.35706,-72.49672|42.33888,-72.53190|42.35237,-72.48882|42.40499,-72.52969|42.37970,-72.51085|42.40785,-72.53026|42.36713,-72.52331|42.41399,-72.51208|42.35426,-72.52446|42.35281,-72.52060|42.38482,-72.51533|42.37716,-72.51349|42.36696,-72.48016|42.35647,-72.51872|42.36300,-72.48068|42.34847,-72.53079|42.35511,-72.52075|42.37580,-72.50978|42.35497,-72.47620|42.36449,-72.53036|42.31957,-72.52631|42.41714,-72.52709|42.37581,-72.52156|42.31949,-72.52854|42.39476,-72.51565|42.42818,-72.52977|42.38263,-72.52825|42.39850,-72.51566|42.35776,-72.52090|42.38837,-72.52190|42.36510,-72.48443|42.36981,-72.48003|42.37289,-72.52512|42.37963,-72.51660|42.40874,-72.51574|42.34247,-72.51357|42.35486,-72.52725|42.40277,-72.51176|42.38000,-72.51948|42.37321,-72.51888|42.40278,-72.52029|42.41294,-72.50593|42.39825,-72.53113|42.37834,-72.51226|42.31763,-72.53327|42.38123,-72.51928|42.37414,-72.52568|42.38045,-72.51776|42.37581,-72.52140|42.33119,-72.50287|42.40830,-72.50585|42.38379,-72.51844|42.36325,-72.48230|42.40615,-72.51010|42.40832,-72.50710|42.33719,-72.52969|42.38164,-72.52692|42.41804,-72.49054|42.38488,-72.53255|42.36582,-72.48380|42.41448,-72.52798|42.35160,-72.52586|42.34031,-72.50461|42.39785,-72.52922|42.33796,-72.52131|42.37350,-72.50105|42.37475,-72.51525|42.33716,-72.51471|42.33766,-72.51255|42.36381,-72.49632|42.40636,-72.53515|42.31416,-72.48880|42.36330,-72.48892|42.31519,-72.53279|42.38018,-72.52011|42.33452,-72.53233|42.37391,-72.51576|42.37825,-72.50196|42.39666,-72.52884|42.38723,-72.51710|42.37811,-72.47885|42.34108,-72.50461|42.37437,-72.52896|42.36528,-72.48302|42.37628,-72.50108|42.32425,-72.50565|42.36229,-72.48820|42.33990,-72.50339|42.37775,-72.51580|42.37266,-72.52677|42.41704,-72.50967|42.40753,-72.54040|42.39804,-72.52807|42.39262,-72.51643|42.36341,-72.48269|42.34621,-72.47182|42.32479,-72.53320|42.37885,-72.50553|42.32013,-72.53790|42.40853,-72.53796"
2020-11-18 01:09:38,520 INFO osmnx 1878
2020-11-18 01:09:38,521 INFO osmnx Retrieved response from cache file "cache/e62291d2aadc03fb7aa70867b656b95c.json" for URL "https://api.open-elevation.com/api/v1/lookup?locations=42.40903,-72.53753|42.40907,-72.53741|42.40931,-72.53786|42.41014,-72.51715|42.40955,-72.51681|42.40927,-72.51766|42.41069,-72.51370|42.35144,-72.47646|42.40525,-72.52604|42.39510,-72.52701|42.39528,-72.52710|42.39559,-72.52713|42.40264,-72.52069|42.36559,-72.52813|42.36610,-72.52816|42.34766,-72.47430|42.34935,-72.47276|42.36315,-72.48377|42.36629,-72.48126|42.36829,-72.48172|42.39512,-72.52794|42.39618,-72.53043|42.31918,-72.52635|42.31944,-72.52599|42.31945,-72.52651|42.31874,-72.52740|42.32022,-72.52575|42.31807,-72.52901|42.31866,-72.52767|42.37610,-72.51777|42.42071,-72.53786|42.42151,-72.53773|42.42159,-72.53723|42.42180,-72.53791|42.36702,-72.51811|42.31440,-72.49582|42.39511,-72.52704|42.39527,-72.52711|42.39535,-72.52685|42.39534,-72.52682|42.39514,-72.52678|42.39517,-72.52675|42.31641,-72.50700|42.31921,-72.52609|42.31930,-72.52561|42.38586,-72.52261|42.38594,-72.52244|42.38841,-72.52081|42.35569,-72.48999|42.33621,-72.53750|42.34935,-72.53361|42.34870,-72.52398|42.34537,-72.51599|42.34520,-72.52132|42.34699,-72.50547|42.35658,-72.48533|42.35643,-72.48543|42.36640,-72.47835|42.36868,-72.47957|42.36423,-72.47602|42.31379,-72.46647|42.31430,-72.46674|42.33415,-72.52569|42.39261,-72.51868|42.39264,-72.51897|42.39118,-72.51888|42.40432,-72.51145|42.38173,-72.51054|42.38103,-72.51933|42.40202,-72.53483|42.38507,-72.51433|42.37518,-72.49025|42.31539,-72.53546|42.36994,-72.52006|42.35085,-72.47714|42.35336,-72.47751|42.41256,-72.51835|42.41093,-72.52127|42.39122,-72.52273|42.38145,-72.51927|42.38123,-72.51887|42.38156,-72.51913|42.38162,-72.51915|42.38168,-72.51929|42.38159,-72.51943|42.38147,-72.51938|42.38207,-72.51919|42.37933,-72.52003|42.39930,-72.51069|42.36824,-72.52005|42.37074,-72.52117|42.31627,-72.53022|42.31626,-72.52775|42.39269,-72.51870|42.41579,-72.51987|42.37491,-72.48211"
2020-11-18 01:09:38,521 INFO osmnx Graph has 816 nodes and we received 816 results from the elevation API.
2020-11-18 01:09:38,524 INFO osmnx 66590780      119
66590882       81
66591107       63
66591361       86
66592376       61
66592667       58
66592882       95
66592962       96
66593243      100
66593461       56
66594270       93
66594615       61
66594687       97
66595460      106
66596469      119
66596566       67
66596965      100
66597142       88
66597402      125
66597521       52
66597565       93
66598256       59
66598306       55
66598440      100
66598464       55
66598705       51
66599020      122
66599202       74
66600236       76
66600431      100
             ... 
5413534795     90
5413534820     97
5489277570     97
5580951622     54
5637885552     99
5637902339     66
5638457871    106
6302552885     95
6306827539     91
6306827544     91
6323843785     85
6323843800     74
6371920027     94
6744481746     94
6744481747     97
6744481752     94
6744481753     94
6744481755     94
6744481762     94
6744481764     94
6744481776     94
6744652171     97
6765019664    102
6775672007     86
6775672013     91
6896833902     91
6896833903     83
6944996752    119
7057072895     65
7281123021     89
Name: elevation, Length: 816, dtype: int64
2020-11-18 01:09:38,531 INFO osmnx Added elevation data to all nodes.
2020-11-18 01:09:38,546 INFO osmnx Added grade data to all edges.
2020-11-18 01:09:38,947 INFO osmnx Found nearest node (66701452) to point (42.3869382, -72.52991477067445) in 0.01 seconds
2020-11-18 01:09:38,957 INFO osmnx Found nearest node (66711889) to point (42.3497246, -72.5279153) in 0.01 seconds
2020-11-18 01:09:38,965 INFO osmnx Found nearest node (66701452) to point (42.3869382, -72.52991477067445) in 0.01 seconds
2020-11-18 01:09:38,974 INFO osmnx Found nearest node (66711889) to point (42.3497246, -72.5279153) in 0.01 seconds
2020-11-18 01:10:12,346 INFO osmnx Configured osmnx
2020-11-18 01:10:16,242 INFO osmnx Retrieved response from cache file "cache/d987cd401e29ff102c2b59c30a188d92.json" for URL "https://nominatim.openstreetmap.org/search?format=json&limit=1&dedupe=0&polygon_geojson=1&city=Amherst&country=USA&state=MA"
2020-11-18 01:10:16,246 INFO osmnx Created GeoDataFrame with 1 row for query "{'city': 'Amherst', 'state': 'MA', 'country': 'USA'}"
2020-11-18 01:10:16,246 INFO osmnx Constructed place geometry polygon(s) to query API
2020-11-18 01:10:16,369 INFO osmnx Projected the GeoDataFrame "geometry to project" to UTM-18 in 0.11 seconds
2020-11-18 01:10:16,537 INFO osmnx Projected the GeoDataFrame "geometry to project" to default_crs in 0.15 seconds
2020-11-18 01:10:16,632 INFO osmnx Projected the GeoDataFrame "geometry to project" to UTM-18 in 0.09 seconds
2020-11-18 01:10:16,730 INFO osmnx Projected the GeoDataFrame "geometry to project" to default_crs in 0.09 seconds
2020-11-18 01:10:16,737 INFO osmnx Requesting network data within polygon from API in 1 request(s)
2020-11-18 01:10:16,902 INFO osmnx Retrieved response from cache file "cache/85de55aab5cdc3dc84c77b15ff220a16.json" for URL "http://overpass-api.de/api/interpreter?data=%5Bout%3Ajson%5D%5Btimeout%3A180%5D%3B%28way%5B%22highway%22%5D%5B%22area%22%21~%22yes%22%5D%5B%22highway%22%21~%22cycleway%7Cfootway%7Cpath%7Cpedestrian%7Csteps%7Ctrack%7Ccorridor%7Cproposed%7Cconstruction%7Cbridleway%7Cabandoned%7Cplatform%7Craceway%7Cservice%22%5D%5B%22motor_vehicle%22%21~%22no%22%5D%5B%22motorcar%22%21~%22no%22%5D%5B%22access%22%21~%22private%22%5D%5B%22service%22%21~%22parking%7Cparking_aisle%7Cdriveway%7Cprivate%7Cemergency_access%22%5D%28poly%3A%2242.400402+-72.552834+42.427467+-72.550260+42.427891+-72.550192+42.428309+-72.550070+42.428715+-72.549896+42.429108+-72.549670+42.429483+-72.549395+42.429837+-72.549074+42.430167+-72.548708+42.430470+-72.548302+42.430743+-72.547859+42.430984+-72.547383+42.431190+-72.546879+42.431360+-72.546350+42.431492+-72.545802+42.431585+-72.545240+42.433288+-72.532008+42.433299+-72.531915+42.436962+-72.500528+42.438245+-72.490975+42.438302+-72.490381+42.438316+-72.489783+42.438286+-72.489185+42.438213+-72.488595+42.438097+-72.488017+42.437940+-72.487457+42.437742+-72.486921+42.437507+-72.486414+42.437235+-72.485940+42.436931+-72.485505+42.436596+-72.485113+42.436234+-72.484766+42.435849+-72.484470+42.435444+-72.484226+42.435023+-72.484038+42.434590+-72.483906+42.408255+-72.477704+42.408166+-72.477689+42.408166+-72.477685+42.375784+-72.470954+42.375750+-72.470948+42.352130+-72.466285+42.352095+-72.466278+42.308669+-72.458188+42.308217+-72.458135+42.307763+-72.458143+42.307312+-72.458213+42.306868+-72.458344+42.306437+-72.458535+42.306022+-72.458783+42.305628+-72.459086+42.305258+-72.459441+42.304917+-72.459844+42.304608+-72.460292+42.304334+-72.460779+42.304097+-72.461301+42.303901+-72.461852+42.303747+-72.462428+42.303637+-72.463021+42.303572+-72.463626+42.302635+-72.477016+42.302630+-72.477105+42.302606+-72.477513+42.301505+-72.479881+42.301293+-72.480390+42.301118+-72.480924+42.300982+-72.481477+42.300887+-72.482046+42.300391+-72.485832+42.299764+-72.487506+42.298438+-72.490405+42.298227+-72.490921+42.298053+-72.491462+42.297920+-72.492024+42.297828+-72.492600+42.297778+-72.493186+42.297770+-72.493776+42.297805+-72.494363+42.297882+-72.494944+42.298001+-72.495511+42.298160+-72.496061+42.298358+-72.496587+42.298593+-72.497084+42.298862+-72.497549+42.300676+-72.500378+42.300667+-72.500897+42.300698+-72.501473+42.301004+-72.504879+42.301092+-72.505548+42.301236+-72.506199+42.301432+-72.506825+42.301557+-72.507166+42.301320+-72.508187+42.298014+-72.519136+42.297870+-72.519686+42.297767+-72.520252+42.297704+-72.520829+42.297682+-72.521411+42.297702+-72.521993+42.297764+-72.522570+42.297866+-72.523136+42.298008+-72.523687+42.298031+-72.523762+42.297935+-72.523980+42.297488+-72.525105+42.297292+-72.525665+42.297139+-72.526248+42.297032+-72.526850+42.296970+-72.527463+42.296955+-72.528081+42.296987+-72.528698+42.297066+-72.529308+42.297190+-72.529904+42.297359+-72.530479+42.297570+-72.531028+42.297822+-72.531546+42.298111+-72.532026+42.299475+-72.534065+42.299476+-72.534071+42.299477+-72.534080+42.299852+-72.536426+42.299972+-72.537025+42.300136+-72.537604+42.300344+-72.538157+42.300592+-72.538678+42.300878+-72.539163+42.301200+-72.539606+42.301553+-72.540003+42.301935+-72.540348+42.302341+-72.540640+42.302767+-72.540874+42.303208+-72.541049+42.303660+-72.541161+42.315501+-72.543279+42.315600+-72.543587+42.315820+-72.544119+42.316079+-72.544618+42.316374+-72.545080+42.316701+-72.545500+42.317058+-72.545874+42.317442+-72.546197+42.317847+-72.546467+42.318270+-72.546681+42.318708+-72.546837+42.319154+-72.546932+42.319606+-72.546967+42.320057+-72.546940+42.357792+-72.542158+42.357935+-72.542261+42.358340+-72.542489+42.358760+-72.542663+42.359191+-72.542780+42.359628+-72.542840+42.360067+-72.542843+42.365323+-72.542526+42.365760+-72.542471+42.366191+-72.542359+42.366612+-72.542190+42.367018+-72.541967+42.367407+-72.541692+42.367774+-72.541367+42.367859+-72.541275+42.396345+-72.538230+42.395620+-72.546019+42.395587+-72.546613+42.395597+-72.547209+42.395650+-72.547800+42.395745+-72.548381+42.395883+-72.548947+42.396061+-72.549492+42.396277+-72.550011+42.396530+-72.550499+42.396818+-72.550951+42.397137+-72.551363+42.397484+-72.551731+42.397856+-72.552051+42.398250+-72.552320+42.398661+-72.552536+42.399086+-72.552697+42.399521+-72.552801+42.399961+-72.552846+42.400402+-72.552834%22%29%3B%3E%3B%29%3Bout%3B"
2020-11-18 01:10:16,907 INFO osmnx Got all network data within polygon from API in 1 request(s) and 0.17 seconds
2020-11-18 01:10:16,907 INFO osmnx Creating networkx graph from downloaded OSM data...
2020-11-18 01:10:17,674 INFO osmnx Created graph with 14,620 nodes and 28,823 edges in 0.77 seconds
2020-11-18 01:10:18,320 INFO osmnx Added edge lengths to graph in 0.63 seconds
2020-11-18 01:10:18,950 INFO osmnx Identifying all nodes that lie outside the polygon...
2020-11-18 01:10:20,566 INFO osmnx Created r-tree spatial index for 14,620 points in 1.33 seconds
2020-11-18 01:10:21,328 INFO osmnx Identified 13,606 nodes inside polygon in 0.76 seconds
2020-11-18 01:10:21,345 INFO osmnx Removed 1,014 nodes outside polygon in 0.00 seconds
2020-11-18 01:10:21,409 INFO osmnx Begin topologically simplifying the graph...
2020-11-18 01:10:22,468 INFO osmnx Identified 931 edge endpoints in 0.30 seconds
2020-11-18 01:10:22,548 INFO osmnx Constructed all paths to simplify in 0.08 seconds
2020-11-18 01:10:24,472 INFO osmnx Simplified graph (from 13,606 to 931 nodes and from 26,836 to 2,378 edges) in 1.92 seconds
2020-11-18 01:10:24,529 INFO osmnx Identifying all nodes that lie outside the polygon...
2020-11-18 01:10:24,702 INFO osmnx Created r-tree spatial index for 931 points in 0.13 seconds
2020-11-18 01:10:24,787 INFO osmnx Identified 831 nodes inside polygon in 0.08 seconds
2020-11-18 01:10:24,790 INFO osmnx Removed 100 nodes outside polygon in 0.00 seconds
2020-11-18 01:10:24,793 INFO osmnx Removed 1 isolated nodes
2020-11-18 01:10:24,853 INFO osmnx Graph was not connected, retained only the largest weakly connected component (816 of 830 total nodes) in 0.06 seconds
2020-11-18 01:10:25,221 INFO osmnx Got the counts of undirected street segments incident to each node (before removing peripheral edges) in 0.35 seconds
2020-11-18 01:10:25,231 INFO osmnx graph_from_polygon() returning graph with 816 nodes and 2,138 edges
2020-11-18 01:10:25,251 INFO osmnx graph_from_place() returning graph with 816 nodes and 2,138 edges
2020-11-18 01:10:25,255 INFO osmnx Requesting node elevations from the API in 4.0 calls.
2020-11-18 01:10:25,256 INFO osmnx 3474
2020-11-18 01:10:25,257 INFO osmnx Retrieved response from cache file "cache/3f46b86ecbfa2c66966d7c97c442ac76.json" for URL "https://api.open-elevation.com/api/v1/lookup?locations=42.39264,-72.51842|42.37577,-72.50849|42.37815,-72.50003|42.36731,-72.52017|42.41037,-72.53106|42.35762,-72.49117|42.31863,-72.53281|42.37382,-72.47751|42.37480,-72.51983|42.33635,-72.53289|42.36872,-72.48015|42.40994,-72.53094|42.36798,-72.47733|42.37271,-72.51696|42.38697,-72.51858|42.32331,-72.52476|42.37459,-72.52142|42.40559,-72.51470|42.39058,-72.51547|42.34526,-72.51891|42.41414,-72.51060|42.33839,-72.51438|42.34856,-72.53054|42.37769,-72.51382|42.36485,-72.48584|42.33947,-72.50972|42.38871,-72.51689|42.36438,-72.48468|42.37307,-72.51147|42.37479,-72.51895|42.41879,-72.51290|42.32252,-72.52485|42.38395,-72.52766|42.37476,-72.51689|42.35723,-72.49079|42.41311,-72.50900|42.34012,-72.51423|42.42163,-72.53724|42.36874,-72.52890|42.39767,-72.53126|42.36676,-72.53278|42.40166,-72.51167|42.39903,-72.53134|42.36356,-72.48745|42.35498,-72.49119|42.38586,-72.50842|42.35278,-72.49019|42.33933,-72.47322|42.39766,-72.53033|42.37485,-72.50864|42.38000,-72.52355|42.37641,-72.48717|42.34576,-72.51179|42.37588,-72.51503|42.36653,-72.47946|42.39606,-72.50985|42.36734,-72.53173|42.33640,-72.53203|42.37473,-72.51328|42.36639,-72.48105|42.38516,-72.52720|42.41291,-72.51317|42.37489,-72.48105|42.37587,-72.51144|42.37402,-72.50093|42.35705,-72.49208|42.39680,-72.52769|42.31747,-72.53508|42.39569,-72.51547|42.36889,-72.51160|42.37583,-72.51985|42.31474,-72.47912|42.41561,-72.52533|42.42293,-72.52830|42.38430,-72.52126|42.38431,-72.49996|42.36625,-72.49243|42.42013,-72.50911|42.35161,-72.48682|42.38304,-72.53187|42.34219,-72.50463|42.41349,-72.51609|42.40454,-72.52165|42.38280,-72.52729|42.38471,-72.52876|42.37808,-72.50945|42.33124,-72.50162|42.40593,-72.50792|42.37565,-72.51983|42.41304,-72.50858|42.34172,-72.48422|42.34329,-72.50432|42.40568,-72.53592|42.31336,-72.46728|42.40577,-72.53502|42.38448,-72.51800|42.37198,-72.51329|42.36609,-72.53408|42.40765,-72.51720|42.34360,-72.52036|42.40561,-72.53663|42.37760,-72.52194|42.38188,-72.52600|42.40454,-72.52969|42.37412,-72.53062|42.37360,-72.48075|42.36653,-72.47672|42.31719,-72.46704|42.35248,-72.52167|42.40199,-72.53117|42.38485,-72.53267|42.31341,-72.47218|42.38692,-72.52265|42.40350,-72.52926|42.36805,-72.53352|42.40554,-72.52255|42.38691,-72.49814|42.41427,-72.51294|42.34970,-72.48107|42.33567,-72.52708|42.36605,-72.53129|42.38369,-72.51756|42.35789,-72.51961|42.37839,-72.51564|42.35316,-72.52982|42.31997,-72.52979|42.35568,-72.52087|42.37212,-72.52211|42.33805,-72.53170|42.30655,-72.53422|42.35542,-72.48918|42.34345,-72.48048|42.37206,-72.47767|42.35403,-72.52701|42.38392,-72.52270|42.40196,-72.53143|42.34813,-72.52929|42.36070,-72.52078|42.41325,-72.51822|42.36725,-72.52812|42.37029,-72.52578|42.38582,-72.52249|42.37561,-72.52404|42.41016,-72.52864|42.36980,-72.47931|42.34749,-72.48086|42.41492,-72.50581|42.32390,-72.49945|42.32510,-72.50164|42.41077,-72.50779|42.38067,-72.50905|42.36538,-72.48190|42.37570,-72.51900|42.37160,-72.52316|42.36390,-72.50358|42.35281,-72.52790|42.39517,-72.51232|42.31525,-72.46649|42.38425,-72.51611|42.37758,-72.51866|42.33819,-72.52368|42.38878,-72.51729|42.33501,-72.53684|42.37591,-72.51320|42.32520,-72.53328|42.39980,-72.50711|42.40717,-72.51310|42.32032,-72.53436|42.41381,-72.50850|42.36767,-72.47697|42.36011,-72.52545|42.40372,-72.51760|42.34308,-72.47781|42.38146,-72.49941|42.31904,-72.52751|42.33714,-72.53300|42.37820,-72.52956|42.35972,-72.48153|42.36313,-72.48393|42.40603,-72.53247"
2020-11-18 01:10:25,257 INFO osmnx 3474
2020-11-18 01:10:25,258 INFO osmnx Retrieved response from cache file "cache/607f8f31ba972c376c8620d9e451ae0f.json" for URL "https://api.open-elevation.com/api/v1/lookup?locations=42.40518,-72.53411|42.40435,-72.53434|42.36601,-72.48194|42.38454,-72.52872|42.31804,-72.50199|42.37978,-72.51161|42.40705,-72.51860|42.40708,-72.51742|42.36118,-72.52459|42.36380,-72.48329|42.35340,-72.47832|42.41293,-72.52090|42.34040,-72.50404|42.40652,-72.51218|42.34146,-72.47847|42.31500,-72.53404|42.32704,-72.49925|42.39272,-72.51851|42.39704,-72.53126|42.37260,-72.52652|42.31910,-72.50638|42.38135,-72.52791|42.36392,-72.48116|42.34136,-72.50397|42.34682,-72.53003|42.36722,-72.52018|42.39550,-72.53219|42.33308,-72.50433|42.38508,-72.52168|42.31457,-72.48226|42.35437,-72.52388|42.37297,-72.50485|42.38058,-72.52560|42.35797,-72.48539|42.37908,-72.51669|42.38539,-72.52506|42.37639,-72.48613|42.37582,-72.51687|42.35933,-72.48336|42.32341,-72.50106|42.34030,-72.53118|42.38367,-72.52374|42.35478,-72.48550|42.39517,-72.51318|42.36816,-72.48010|42.40819,-72.51738|42.38135,-72.51907|42.36354,-72.47919|42.34520,-72.52045|42.38456,-72.51299|42.39598,-72.52451|42.40325,-72.51895|42.34161,-72.48044|42.34573,-72.47959|42.40878,-72.53833|42.34516,-72.51719|42.37941,-72.52298|42.35786,-72.49092|42.32904,-72.47886|42.37882,-72.50933|42.36687,-72.53285|42.41604,-72.50646|42.33444,-72.52423|42.41307,-72.52926|42.34357,-72.52254|42.38551,-72.50438|42.35157,-72.53025|42.41560,-72.50747|42.33330,-72.50263|42.35404,-72.52791|42.41609,-72.50479|42.37858,-72.51508|42.40639,-72.52984|42.35363,-72.47516|42.38524,-72.52578|42.40493,-72.53228|42.40749,-72.51777|42.35239,-72.53024|42.36529,-72.47648|42.38327,-72.51368|42.33857,-72.52815|42.38186,-72.51968|42.37670,-72.53242|42.38505,-72.53096|42.37924,-72.51977|42.42513,-72.48888|42.41375,-72.52009|42.35962,-72.48046|42.35269,-72.47847|42.31734,-72.53539|42.36185,-72.48157|42.32114,-72.49365|42.34472,-72.47784|42.31408,-72.46699|42.31569,-72.47487|42.38598,-72.52256|42.41564,-72.50786|42.37571,-72.50636|42.40656,-72.51454|42.31920,-72.50663|42.41913,-72.50787|42.33523,-72.52553|42.40233,-72.52850|42.38441,-72.52416|42.37608,-72.51782|42.37616,-72.51756|42.32063,-72.49392|42.36527,-72.53401|42.36302,-72.49926|42.33267,-72.52357|42.37508,-72.52587|42.32254,-72.52327|42.35654,-72.50450|42.35156,-72.52788|42.37221,-72.48029|42.38548,-72.51904|42.34724,-72.48598|42.34003,-72.52018|42.34835,-72.52933|42.36359,-72.48607|42.38215,-72.50199|42.41513,-72.51877|42.37400,-72.51982|42.37124,-72.47995|42.35650,-72.49229|42.32176,-72.53416|42.38009,-72.52250|42.36493,-72.48334|42.40639,-72.51319|42.37879,-72.52700|42.38678,-72.52252|42.37533,-72.51134|42.38440,-72.53237|42.39471,-72.53189|42.36453,-72.48645|42.39061,-72.51969|42.39879,-72.52805|42.41138,-72.50921|42.41282,-72.51361|42.41160,-72.50806|42.39488,-72.52681|42.38306,-72.51892|42.35075,-72.50419|42.41531,-72.50592|42.40684,-72.53261|42.38564,-72.52515|42.35239,-72.50639|42.31708,-72.53471|42.38237,-72.53178|42.32412,-72.50380|42.33652,-72.53691|42.41315,-72.51193|42.37577,-72.51831|42.34547,-72.48584|42.34107,-72.50518|42.35581,-72.48037|42.34224,-72.50420|42.34400,-72.51587|42.35043,-72.53225|42.38825,-72.51065|42.37582,-72.51010|42.37303,-72.50888|42.37246,-72.52144|42.41068,-72.52375|42.37396,-72.52262|42.33327,-72.50465|42.37594,-72.48525|42.41764,-72.49625|42.41974,-72.51195|42.37876,-72.50345|42.36773,-72.47962|42.36526,-72.47884|42.37805,-72.51992|42.31646,-72.53368|42.36509,-72.48473|42.38055,-72.50773|42.40624,-72.52982|42.37318,-72.51695|42.38375,-72.52661|42.42585,-72.52885"
2020-11-18 01:10:25,259 INFO osmnx 3474
2020-11-18 01:10:25,259 INFO osmnx Retrieved response from cache file "cache/d0ef8e96a1558c54f37820abf126666e.json" for URL "https://api.open-elevation.com/api/v1/lookup?locations=42.31410,-72.53083|42.37246,-72.52668|42.37842,-72.51321|42.37580,-72.50390|42.35240,-72.47261|42.38510,-72.50743|42.34348,-72.47228|42.40892,-72.53791|42.36307,-72.48003|42.41428,-72.52816|42.35494,-72.48720|42.36437,-72.47701|42.37166,-72.51521|42.33434,-72.52338|42.38493,-72.52710|42.31795,-72.53397|42.33286,-72.50468|42.33398,-72.53490|42.41631,-72.52029|42.37644,-72.50053|42.37970,-72.52533|42.37803,-72.51680|42.37382,-72.53283|42.41759,-72.52212|42.32131,-72.49703|42.38435,-72.52871|42.40152,-72.51052|42.37935,-72.50791|42.32511,-72.52871|42.38478,-72.53249|42.38516,-72.53096|42.33618,-72.53534|42.32038,-72.53521|42.38356,-72.51640|42.38291,-72.52215|42.40466,-72.51487|42.38545,-72.52188|42.39557,-72.51134|42.31261,-72.50126|42.40774,-72.51599|42.37635,-72.48146|42.37321,-72.51981|42.35961,-72.48461|42.38471,-72.52859|42.34009,-72.51613|42.39856,-72.52945|42.37067,-72.51981|42.32433,-72.50119|42.36410,-72.48977|42.37539,-72.51140|42.37568,-72.50505|42.36658,-72.53343|42.37069,-72.47878|42.38117,-72.52382|42.33844,-72.53336|42.34684,-72.47930|42.37400,-72.48359|42.35040,-72.53335|42.40745,-72.51023|42.40294,-72.51315|42.34576,-72.51781|42.34606,-72.51880|42.36574,-72.53207|42.40329,-72.49611|42.37151,-72.51760|42.38086,-72.52375|42.40640,-72.52170|42.33754,-72.53551|42.39537,-72.52641|42.37823,-72.51108|42.37494,-72.48720|42.38797,-72.50791|42.38094,-72.50602|42.36456,-72.48541|42.37586,-72.51576|42.37402,-72.50207|42.38475,-72.53262|42.38227,-72.52005|42.40819,-72.50900|42.31407,-72.53384|42.35005,-72.52577|42.34470,-72.47982|42.39509,-72.52739|42.37941,-72.49975|42.42452,-72.49675|42.34905,-72.48318|42.40798,-72.51431|42.40568,-72.50518|42.41886,-72.50790|42.40029,-72.50841|42.37101,-72.52433|42.33344,-72.52089|42.39751,-72.53123|42.36645,-72.52602|42.38322,-72.51959|42.37756,-72.51991|42.33397,-72.53242|42.35788,-72.51767|42.31632,-72.47153|42.38383,-72.51351|42.37667,-72.51661|42.40632,-72.52295|42.37635,-72.48118|42.37291,-72.50119|42.31797,-72.50050|42.38490,-72.51585|42.36284,-72.52075|42.35155,-72.53230|42.39634,-72.52994|42.36423,-72.48352|42.39449,-72.51265|42.37479,-72.48616|42.31605,-72.48886|42.36214,-72.52452|42.35224,-72.49063|42.41615,-72.48963|42.38264,-72.52318|42.36324,-72.48903|42.40817,-72.51902|42.35606,-72.49536|42.38831,-72.51694|42.36181,-72.48782|42.36508,-72.48422|42.40342,-72.49587|42.35684,-72.48525|42.36301,-72.48045|42.38332,-72.52071|42.41627,-72.48675|42.37203,-72.51884|42.31497,-72.47139|42.40528,-72.51841|42.41584,-72.53322|42.37422,-72.52372|42.37322,-72.53050|42.38073,-72.53190|42.31858,-72.53327|42.36654,-72.48147|42.36954,-72.52733|42.32023,-72.53244|42.34073,-72.50460|42.35069,-72.50718|42.36885,-72.51998|42.31623,-72.53455|42.40680,-72.50599|42.35837,-72.48469|42.33508,-72.53527|42.40512,-72.51991|42.35831,-72.48253|42.35422,-72.52202|42.41461,-72.51728|42.37633,-72.51684|42.39622,-72.51103|42.35546,-72.49059|42.37836,-72.52493|42.36563,-72.48069|42.31721,-72.49566|42.31892,-72.52787|42.40343,-72.51323|42.34968,-72.48404|42.34907,-72.47608|42.38904,-72.51879|42.33730,-72.53138|42.37591,-72.51286|42.35156,-72.52738|42.32187,-72.53660|42.38037,-72.50620|42.38677,-72.50562|42.37918,-72.52211|42.33913,-72.51590|42.36435,-72.49985|42.35092,-72.52006|42.36545,-72.52556|42.38302,-72.51091|42.33582,-72.52464|42.40500,-72.53074|42.36305,-72.48151|42.32385,-72.50107|42.37476,-72.51576|42.37171,-72.48005|42.39983,-72.52984"
2020-11-18 01:10:25,260 INFO osmnx 3474
2020-11-18 01:10:25,261 INFO osmnx Retrieved response from cache file "cache/fe675cf4e6bb29d4a64992f7fabac32c.json" for URL "https://api.open-elevation.com/api/v1/lookup?locations=42.33523,-72.53233|42.32248,-72.49507|42.41299,-72.50799|42.34056,-72.47863|42.31332,-72.46611|42.35341,-72.47594|42.35347,-72.48833|42.37755,-72.53230|42.36239,-72.48501|42.34783,-72.51270|42.37464,-72.52746|42.34022,-72.50974|42.40516,-72.52970|42.36669,-72.53290|42.39930,-72.52971|42.38059,-72.50238|42.40234,-72.51535|42.37221,-72.48193|42.35400,-72.52416|42.41577,-72.52714|42.40651,-72.50804|42.34491,-72.48217|42.37874,-72.50801|42.40220,-72.53575|42.40598,-72.52423|42.34699,-72.47994|42.37142,-72.51638|42.37636,-72.48089|42.35664,-72.48216|42.38424,-72.51814|42.40405,-72.52725|42.37638,-72.48525|42.34549,-72.51828|42.36316,-72.47974|42.36714,-72.53330|42.37256,-72.49993|42.38137,-72.52291|42.37228,-72.51975|42.35979,-72.47972|42.40467,-72.52126|42.41047,-72.50730|42.40718,-72.52049|42.37806,-72.52676|42.41257,-72.52833|42.30584,-72.52951|42.35055,-72.50678|42.38531,-72.49865|42.38546,-72.52589|42.37393,-72.52133|42.36680,-72.53299|42.40574,-72.50623|42.41086,-72.50942|42.41488,-72.51901|42.37317,-72.51576|42.36199,-72.52076|42.37045,-72.51636|42.33574,-72.53220|42.37651,-72.48936|42.34014,-72.51321|42.34631,-72.47959|42.32471,-72.50372|42.38822,-72.51557|42.34699,-72.50414|42.35291,-72.48624|42.41554,-72.49065|42.38779,-72.50558|42.33907,-72.53316|42.41343,-72.51947|42.33273,-72.52081|42.37262,-72.52114|42.36590,-72.53214|42.36843,-72.52279|42.36439,-72.49890|42.40687,-72.50383|42.34667,-72.48291|42.37313,-72.51337|42.31708,-72.48009|42.37817,-72.48094|42.40630,-72.53056|42.35794,-72.48576|42.35706,-72.49672|42.33888,-72.53190|42.35237,-72.48882|42.40499,-72.52969|42.37970,-72.51085|42.40785,-72.53026|42.36713,-72.52331|42.41399,-72.51208|42.35426,-72.52446|42.35281,-72.52060|42.38482,-72.51533|42.37716,-72.51349|42.36696,-72.48016|42.35647,-72.51872|42.36300,-72.48068|42.34847,-72.53079|42.35511,-72.52075|42.37580,-72.50978|42.35497,-72.47620|42.36449,-72.53036|42.31957,-72.52631|42.41714,-72.52709|42.37581,-72.52156|42.31949,-72.52854|42.39476,-72.51565|42.42818,-72.52977|42.38263,-72.52825|42.39850,-72.51566|42.35776,-72.52090|42.38837,-72.52190|42.36510,-72.48443|42.36981,-72.48003|42.37289,-72.52512|42.37963,-72.51660|42.40874,-72.51574|42.34247,-72.51357|42.35486,-72.52725|42.40277,-72.51176|42.38000,-72.51948|42.37321,-72.51888|42.40278,-72.52029|42.41294,-72.50593|42.39825,-72.53113|42.37834,-72.51226|42.31763,-72.53327|42.38123,-72.51928|42.37414,-72.52568|42.38045,-72.51776|42.37581,-72.52140|42.33119,-72.50287|42.40830,-72.50585|42.38379,-72.51844|42.36325,-72.48230|42.40615,-72.51010|42.40832,-72.50710|42.33719,-72.52969|42.38164,-72.52692|42.41804,-72.49054|42.38488,-72.53255|42.36582,-72.48380|42.41448,-72.52798|42.35160,-72.52586|42.34031,-72.50461|42.39785,-72.52922|42.33796,-72.52131|42.37350,-72.50105|42.37475,-72.51525|42.33716,-72.51471|42.33766,-72.51255|42.36381,-72.49632|42.40636,-72.53515|42.31416,-72.48880|42.36330,-72.48892|42.31519,-72.53279|42.38018,-72.52011|42.33452,-72.53233|42.37391,-72.51576|42.37825,-72.50196|42.39666,-72.52884|42.38723,-72.51710|42.37811,-72.47885|42.34108,-72.50461|42.37437,-72.52896|42.36528,-72.48302|42.37628,-72.50108|42.32425,-72.50565|42.36229,-72.48820|42.33990,-72.50339|42.37775,-72.51580|42.37266,-72.52677|42.41704,-72.50967|42.40753,-72.54040|42.39804,-72.52807|42.39262,-72.51643|42.36341,-72.48269|42.34621,-72.47182|42.32479,-72.53320|42.37885,-72.50553|42.32013,-72.53790|42.40853,-72.53796"
2020-11-18 01:10:25,261 INFO osmnx 1878
2020-11-18 01:10:25,262 INFO osmnx Retrieved response from cache file "cache/e62291d2aadc03fb7aa70867b656b95c.json" for URL "https://api.open-elevation.com/api/v1/lookup?locations=42.40903,-72.53753|42.40907,-72.53741|42.40931,-72.53786|42.41014,-72.51715|42.40955,-72.51681|42.40927,-72.51766|42.41069,-72.51370|42.35144,-72.47646|42.40525,-72.52604|42.39510,-72.52701|42.39528,-72.52710|42.39559,-72.52713|42.40264,-72.52069|42.36559,-72.52813|42.36610,-72.52816|42.34766,-72.47430|42.34935,-72.47276|42.36315,-72.48377|42.36629,-72.48126|42.36829,-72.48172|42.39512,-72.52794|42.39618,-72.53043|42.31918,-72.52635|42.31944,-72.52599|42.31945,-72.52651|42.31874,-72.52740|42.32022,-72.52575|42.31807,-72.52901|42.31866,-72.52767|42.37610,-72.51777|42.42071,-72.53786|42.42151,-72.53773|42.42159,-72.53723|42.42180,-72.53791|42.36702,-72.51811|42.31440,-72.49582|42.39511,-72.52704|42.39527,-72.52711|42.39535,-72.52685|42.39534,-72.52682|42.39514,-72.52678|42.39517,-72.52675|42.31641,-72.50700|42.31921,-72.52609|42.31930,-72.52561|42.38586,-72.52261|42.38594,-72.52244|42.38841,-72.52081|42.35569,-72.48999|42.33621,-72.53750|42.34935,-72.53361|42.34870,-72.52398|42.34537,-72.51599|42.34520,-72.52132|42.34699,-72.50547|42.35658,-72.48533|42.35643,-72.48543|42.36640,-72.47835|42.36868,-72.47957|42.36423,-72.47602|42.31379,-72.46647|42.31430,-72.46674|42.33415,-72.52569|42.39261,-72.51868|42.39264,-72.51897|42.39118,-72.51888|42.40432,-72.51145|42.38173,-72.51054|42.38103,-72.51933|42.40202,-72.53483|42.38507,-72.51433|42.37518,-72.49025|42.31539,-72.53546|42.36994,-72.52006|42.35085,-72.47714|42.35336,-72.47751|42.41256,-72.51835|42.41093,-72.52127|42.39122,-72.52273|42.38145,-72.51927|42.38123,-72.51887|42.38156,-72.51913|42.38162,-72.51915|42.38168,-72.51929|42.38159,-72.51943|42.38147,-72.51938|42.38207,-72.51919|42.37933,-72.52003|42.39930,-72.51069|42.36824,-72.52005|42.37074,-72.52117|42.31627,-72.53022|42.31626,-72.52775|42.39269,-72.51870|42.41579,-72.51987|42.37491,-72.48211"
2020-11-18 01:10:25,262 INFO osmnx Graph has 816 nodes and we received 816 results from the elevation API.
2020-11-18 01:10:25,265 INFO osmnx 66590780      119
66590882       81
66591107       63
66591361       86
66592376       61
66592667       58
66592882       95
66592962       96
66593243      100
66593461       56
66594270       93
66594615       61
66594687       97
66595460      106
66596469      119
66596566       67
66596965      100
66597142       88
66597402      125
66597521       52
66597565       93
66598256       59
66598306       55
66598440      100
66598464       55
66598705       51
66599020      122
66599202       74
66600236       76
66600431      100
             ... 
5413534795     90
5413534820     97
5489277570     97
5580951622     54
5637885552     99
5637902339     66
5638457871    106
6302552885     95
6306827539     91
6306827544     91
6323843785     85
6323843800     74
6371920027     94
6744481746     94
6744481747     97
6744481752     94
6744481753     94
6744481755     94
6744481762     94
6744481764     94
6744481776     94
6744652171     97
6765019664    102
6775672007     86
6775672013     91
6896833902     91
6896833903     83
6944996752    119
7057072895     65
7281123021     89
Name: elevation, Length: 816, dtype: int64
2020-11-18 01:10:25,272 INFO osmnx Added elevation data to all nodes.
2020-11-18 01:10:25,287 INFO osmnx Added grade data to all edges.
2020-11-18 01:10:25,287 INFO osmnx Generating graph based on elevation !
2020-11-18 01:13:05,602 INFO osmnx Configured osmnx
2020-11-18 01:25:46,177 INFO osmnx Configured osmnx
2020-11-18 01:25:46,180 INFO osmnx Configured osmnx
2020-11-18 01:26:51,566 INFO osmnx Configured osmnx
2020-11-18 01:26:51,567 INFO osmnx Configured osmnx
2020-11-18 01:27:33,143 INFO osmnx Configured osmnx
2020-11-18 01:27:33,144 INFO osmnx Configured osmnx
2020-11-18 01:28:04,331 INFO osmnx Configured osmnx
2020-11-18 01:28:16,818 INFO osmnx Configured osmnx
2020-11-18 01:28:36,380 INFO osmnx Retrieved response from cache file "cache/d987cd401e29ff102c2b59c30a188d92.json" for URL "https://nominatim.openstreetmap.org/search?format=json&limit=1&dedupe=0&polygon_geojson=1&city=Amherst&country=USA&state=MA"
2020-11-18 01:28:36,389 INFO osmnx Created GeoDataFrame with 1 row for query "{'city': 'Amherst', 'state': 'MA', 'country': 'USA'}"
2020-11-18 01:28:36,398 INFO osmnx Constructed place geometry polygon(s) to query API
2020-11-18 01:28:36,526 INFO osmnx Projected the GeoDataFrame "geometry to project" to UTM-18 in 0.12 seconds
2020-11-18 01:28:36,641 INFO osmnx Projected the GeoDataFrame "geometry to project" to default_crs in 0.10 seconds
2020-11-18 01:28:36,724 INFO osmnx Projected the GeoDataFrame "geometry to project" to UTM-18 in 0.08 seconds
2020-11-18 01:28:36,827 INFO osmnx Projected the GeoDataFrame "geometry to project" to default_crs in 0.10 seconds
2020-11-18 01:28:36,829 INFO osmnx Requesting network data within polygon from API in 1 request(s)
2020-11-18 01:28:36,962 INFO osmnx Retrieved response from cache file "cache/85de55aab5cdc3dc84c77b15ff220a16.json" for URL "http://overpass-api.de/api/interpreter?data=%5Bout%3Ajson%5D%5Btimeout%3A180%5D%3B%28way%5B%22highway%22%5D%5B%22area%22%21~%22yes%22%5D%5B%22highway%22%21~%22cycleway%7Cfootway%7Cpath%7Cpedestrian%7Csteps%7Ctrack%7Ccorridor%7Cproposed%7Cconstruction%7Cbridleway%7Cabandoned%7Cplatform%7Craceway%7Cservice%22%5D%5B%22motor_vehicle%22%21~%22no%22%5D%5B%22motorcar%22%21~%22no%22%5D%5B%22access%22%21~%22private%22%5D%5B%22service%22%21~%22parking%7Cparking_aisle%7Cdriveway%7Cprivate%7Cemergency_access%22%5D%28poly%3A%2242.400402+-72.552834+42.427467+-72.550260+42.427891+-72.550192+42.428309+-72.550070+42.428715+-72.549896+42.429108+-72.549670+42.429483+-72.549395+42.429837+-72.549074+42.430167+-72.548708+42.430470+-72.548302+42.430743+-72.547859+42.430984+-72.547383+42.431190+-72.546879+42.431360+-72.546350+42.431492+-72.545802+42.431585+-72.545240+42.433288+-72.532008+42.433299+-72.531915+42.436962+-72.500528+42.438245+-72.490975+42.438302+-72.490381+42.438316+-72.489783+42.438286+-72.489185+42.438213+-72.488595+42.438097+-72.488017+42.437940+-72.487457+42.437742+-72.486921+42.437507+-72.486414+42.437235+-72.485940+42.436931+-72.485505+42.436596+-72.485113+42.436234+-72.484766+42.435849+-72.484470+42.435444+-72.484226+42.435023+-72.484038+42.434590+-72.483906+42.408255+-72.477704+42.408166+-72.477689+42.408166+-72.477685+42.375784+-72.470954+42.375750+-72.470948+42.352130+-72.466285+42.352095+-72.466278+42.308669+-72.458188+42.308217+-72.458135+42.307763+-72.458143+42.307312+-72.458213+42.306868+-72.458344+42.306437+-72.458535+42.306022+-72.458783+42.305628+-72.459086+42.305258+-72.459441+42.304917+-72.459844+42.304608+-72.460292+42.304334+-72.460779+42.304097+-72.461301+42.303901+-72.461852+42.303747+-72.462428+42.303637+-72.463021+42.303572+-72.463626+42.302635+-72.477016+42.302630+-72.477105+42.302606+-72.477513+42.301505+-72.479881+42.301293+-72.480390+42.301118+-72.480924+42.300982+-72.481477+42.300887+-72.482046+42.300391+-72.485832+42.299764+-72.487506+42.298438+-72.490405+42.298227+-72.490921+42.298053+-72.491462+42.297920+-72.492024+42.297828+-72.492600+42.297778+-72.493186+42.297770+-72.493776+42.297805+-72.494363+42.297882+-72.494944+42.298001+-72.495511+42.298160+-72.496061+42.298358+-72.496587+42.298593+-72.497084+42.298862+-72.497549+42.300676+-72.500378+42.300667+-72.500897+42.300698+-72.501473+42.301004+-72.504879+42.301092+-72.505548+42.301236+-72.506199+42.301432+-72.506825+42.301557+-72.507166+42.301320+-72.508187+42.298014+-72.519136+42.297870+-72.519686+42.297767+-72.520252+42.297704+-72.520829+42.297682+-72.521411+42.297702+-72.521993+42.297764+-72.522570+42.297866+-72.523136+42.298008+-72.523687+42.298031+-72.523762+42.297935+-72.523980+42.297488+-72.525105+42.297292+-72.525665+42.297139+-72.526248+42.297032+-72.526850+42.296970+-72.527463+42.296955+-72.528081+42.296987+-72.528698+42.297066+-72.529308+42.297190+-72.529904+42.297359+-72.530479+42.297570+-72.531028+42.297822+-72.531546+42.298111+-72.532026+42.299475+-72.534065+42.299476+-72.534071+42.299477+-72.534080+42.299852+-72.536426+42.299972+-72.537025+42.300136+-72.537604+42.300344+-72.538157+42.300592+-72.538678+42.300878+-72.539163+42.301200+-72.539606+42.301553+-72.540003+42.301935+-72.540348+42.302341+-72.540640+42.302767+-72.540874+42.303208+-72.541049+42.303660+-72.541161+42.315501+-72.543279+42.315600+-72.543587+42.315820+-72.544119+42.316079+-72.544618+42.316374+-72.545080+42.316701+-72.545500+42.317058+-72.545874+42.317442+-72.546197+42.317847+-72.546467+42.318270+-72.546681+42.318708+-72.546837+42.319154+-72.546932+42.319606+-72.546967+42.320057+-72.546940+42.357792+-72.542158+42.357935+-72.542261+42.358340+-72.542489+42.358760+-72.542663+42.359191+-72.542780+42.359628+-72.542840+42.360067+-72.542843+42.365323+-72.542526+42.365760+-72.542471+42.366191+-72.542359+42.366612+-72.542190+42.367018+-72.541967+42.367407+-72.541692+42.367774+-72.541367+42.367859+-72.541275+42.396345+-72.538230+42.395620+-72.546019+42.395587+-72.546613+42.395597+-72.547209+42.395650+-72.547800+42.395745+-72.548381+42.395883+-72.548947+42.396061+-72.549492+42.396277+-72.550011+42.396530+-72.550499+42.396818+-72.550951+42.397137+-72.551363+42.397484+-72.551731+42.397856+-72.552051+42.398250+-72.552320+42.398661+-72.552536+42.399086+-72.552697+42.399521+-72.552801+42.399961+-72.552846+42.400402+-72.552834%22%29%3B%3E%3B%29%3Bout%3B"
2020-11-18 01:28:36,964 INFO osmnx Got all network data within polygon from API in 1 request(s) and 0.13 seconds
2020-11-18 01:28:36,965 INFO osmnx Creating networkx graph from downloaded OSM data...
2020-11-18 01:28:37,701 INFO osmnx Created graph with 14,620 nodes and 28,823 edges in 0.74 seconds
2020-11-18 01:28:38,355 INFO osmnx Added edge lengths to graph in 0.64 seconds
2020-11-18 01:28:38,991 INFO osmnx Identifying all nodes that lie outside the polygon...
2020-11-18 01:28:40,709 INFO osmnx Created r-tree spatial index for 14,620 points in 1.39 seconds
2020-11-18 01:28:41,431 INFO osmnx Identified 13,606 nodes inside polygon in 0.72 seconds
2020-11-18 01:28:41,443 INFO osmnx Removed 1,014 nodes outside polygon in 0.00 seconds
2020-11-18 01:28:41,505 INFO osmnx Begin topologically simplifying the graph...
2020-11-18 01:28:42,534 INFO osmnx Identified 931 edge endpoints in 0.30 seconds
2020-11-18 01:28:42,651 INFO osmnx Constructed all paths to simplify in 0.12 seconds
2020-11-18 01:28:44,340 INFO osmnx Simplified graph (from 13,606 to 931 nodes and from 26,836 to 2,378 edges) in 1.69 seconds
2020-11-18 01:28:44,396 INFO osmnx Identifying all nodes that lie outside the polygon...
2020-11-18 01:28:44,520 INFO osmnx Created r-tree spatial index for 931 points in 0.10 seconds
2020-11-18 01:28:44,610 INFO osmnx Identified 831 nodes inside polygon in 0.08 seconds
2020-11-18 01:28:44,613 INFO osmnx Removed 100 nodes outside polygon in 0.00 seconds
2020-11-18 01:28:44,616 INFO osmnx Removed 1 isolated nodes
2020-11-18 01:28:44,675 INFO osmnx Graph was not connected, retained only the largest weakly connected component (816 of 830 total nodes) in 0.06 seconds
2020-11-18 01:28:45,019 INFO osmnx Got the counts of undirected street segments incident to each node (before removing peripheral edges) in 0.33 seconds
2020-11-18 01:28:45,029 INFO osmnx graph_from_polygon() returning graph with 816 nodes and 2,138 edges
2020-11-18 01:28:45,047 INFO osmnx graph_from_place() returning graph with 816 nodes and 2,138 edges
2020-11-18 01:28:45,051 INFO osmnx Requesting node elevations from the API in 4.0 calls.
2020-11-18 01:28:45,051 INFO osmnx 3474
2020-11-18 01:28:45,052 INFO osmnx Retrieved response from cache file "cache/3f46b86ecbfa2c66966d7c97c442ac76.json" for URL "https://api.open-elevation.com/api/v1/lookup?locations=42.39264,-72.51842|42.37577,-72.50849|42.37815,-72.50003|42.36731,-72.52017|42.41037,-72.53106|42.35762,-72.49117|42.31863,-72.53281|42.37382,-72.47751|42.37480,-72.51983|42.33635,-72.53289|42.36872,-72.48015|42.40994,-72.53094|42.36798,-72.47733|42.37271,-72.51696|42.38697,-72.51858|42.32331,-72.52476|42.37459,-72.52142|42.40559,-72.51470|42.39058,-72.51547|42.34526,-72.51891|42.41414,-72.51060|42.33839,-72.51438|42.34856,-72.53054|42.37769,-72.51382|42.36485,-72.48584|42.33947,-72.50972|42.38871,-72.51689|42.36438,-72.48468|42.37307,-72.51147|42.37479,-72.51895|42.41879,-72.51290|42.32252,-72.52485|42.38395,-72.52766|42.37476,-72.51689|42.35723,-72.49079|42.41311,-72.50900|42.34012,-72.51423|42.42163,-72.53724|42.36874,-72.52890|42.39767,-72.53126|42.36676,-72.53278|42.40166,-72.51167|42.39903,-72.53134|42.36356,-72.48745|42.35498,-72.49119|42.38586,-72.50842|42.35278,-72.49019|42.33933,-72.47322|42.39766,-72.53033|42.37485,-72.50864|42.38000,-72.52355|42.37641,-72.48717|42.34576,-72.51179|42.37588,-72.51503|42.36653,-72.47946|42.39606,-72.50985|42.36734,-72.53173|42.33640,-72.53203|42.37473,-72.51328|42.36639,-72.48105|42.38516,-72.52720|42.41291,-72.51317|42.37489,-72.48105|42.37587,-72.51144|42.37402,-72.50093|42.35705,-72.49208|42.39680,-72.52769|42.31747,-72.53508|42.39569,-72.51547|42.36889,-72.51160|42.37583,-72.51985|42.31474,-72.47912|42.41561,-72.52533|42.42293,-72.52830|42.38430,-72.52126|42.38431,-72.49996|42.36625,-72.49243|42.42013,-72.50911|42.35161,-72.48682|42.38304,-72.53187|42.34219,-72.50463|42.41349,-72.51609|42.40454,-72.52165|42.38280,-72.52729|42.38471,-72.52876|42.37808,-72.50945|42.33124,-72.50162|42.40593,-72.50792|42.37565,-72.51983|42.41304,-72.50858|42.34172,-72.48422|42.34329,-72.50432|42.40568,-72.53592|42.31336,-72.46728|42.40577,-72.53502|42.38448,-72.51800|42.37198,-72.51329|42.36609,-72.53408|42.40765,-72.51720|42.34360,-72.52036|42.40561,-72.53663|42.37760,-72.52194|42.38188,-72.52600|42.40454,-72.52969|42.37412,-72.53062|42.37360,-72.48075|42.36653,-72.47672|42.31719,-72.46704|42.35248,-72.52167|42.40199,-72.53117|42.38485,-72.53267|42.31341,-72.47218|42.38692,-72.52265|42.40350,-72.52926|42.36805,-72.53352|42.40554,-72.52255|42.38691,-72.49814|42.41427,-72.51294|42.34970,-72.48107|42.33567,-72.52708|42.36605,-72.53129|42.38369,-72.51756|42.35789,-72.51961|42.37839,-72.51564|42.35316,-72.52982|42.31997,-72.52979|42.35568,-72.52087|42.37212,-72.52211|42.33805,-72.53170|42.30655,-72.53422|42.35542,-72.48918|42.34345,-72.48048|42.37206,-72.47767|42.35403,-72.52701|42.38392,-72.52270|42.40196,-72.53143|42.34813,-72.52929|42.36070,-72.52078|42.41325,-72.51822|42.36725,-72.52812|42.37029,-72.52578|42.38582,-72.52249|42.37561,-72.52404|42.41016,-72.52864|42.36980,-72.47931|42.34749,-72.48086|42.41492,-72.50581|42.32390,-72.49945|42.32510,-72.50164|42.41077,-72.50779|42.38067,-72.50905|42.36538,-72.48190|42.37570,-72.51900|42.37160,-72.52316|42.36390,-72.50358|42.35281,-72.52790|42.39517,-72.51232|42.31525,-72.46649|42.38425,-72.51611|42.37758,-72.51866|42.33819,-72.52368|42.38878,-72.51729|42.33501,-72.53684|42.37591,-72.51320|42.32520,-72.53328|42.39980,-72.50711|42.40717,-72.51310|42.32032,-72.53436|42.41381,-72.50850|42.36767,-72.47697|42.36011,-72.52545|42.40372,-72.51760|42.34308,-72.47781|42.38146,-72.49941|42.31904,-72.52751|42.33714,-72.53300|42.37820,-72.52956|42.35972,-72.48153|42.36313,-72.48393|42.40603,-72.53247"
2020-11-18 01:28:45,053 INFO osmnx 3474
2020-11-18 01:28:45,054 INFO osmnx Retrieved response from cache file "cache/607f8f31ba972c376c8620d9e451ae0f.json" for URL "https://api.open-elevation.com/api/v1/lookup?locations=42.40518,-72.53411|42.40435,-72.53434|42.36601,-72.48194|42.38454,-72.52872|42.31804,-72.50199|42.37978,-72.51161|42.40705,-72.51860|42.40708,-72.51742|42.36118,-72.52459|42.36380,-72.48329|42.35340,-72.47832|42.41293,-72.52090|42.34040,-72.50404|42.40652,-72.51218|42.34146,-72.47847|42.31500,-72.53404|42.32704,-72.49925|42.39272,-72.51851|42.39704,-72.53126|42.37260,-72.52652|42.31910,-72.50638|42.38135,-72.52791|42.36392,-72.48116|42.34136,-72.50397|42.34682,-72.53003|42.36722,-72.52018|42.39550,-72.53219|42.33308,-72.50433|42.38508,-72.52168|42.31457,-72.48226|42.35437,-72.52388|42.37297,-72.50485|42.38058,-72.52560|42.35797,-72.48539|42.37908,-72.51669|42.38539,-72.52506|42.37639,-72.48613|42.37582,-72.51687|42.35933,-72.48336|42.32341,-72.50106|42.34030,-72.53118|42.38367,-72.52374|42.35478,-72.48550|42.39517,-72.51318|42.36816,-72.48010|42.40819,-72.51738|42.38135,-72.51907|42.36354,-72.47919|42.34520,-72.52045|42.38456,-72.51299|42.39598,-72.52451|42.40325,-72.51895|42.34161,-72.48044|42.34573,-72.47959|42.40878,-72.53833|42.34516,-72.51719|42.37941,-72.52298|42.35786,-72.49092|42.32904,-72.47886|42.37882,-72.50933|42.36687,-72.53285|42.41604,-72.50646|42.33444,-72.52423|42.41307,-72.52926|42.34357,-72.52254|42.38551,-72.50438|42.35157,-72.53025|42.41560,-72.50747|42.33330,-72.50263|42.35404,-72.52791|42.41609,-72.50479|42.37858,-72.51508|42.40639,-72.52984|42.35363,-72.47516|42.38524,-72.52578|42.40493,-72.53228|42.40749,-72.51777|42.35239,-72.53024|42.36529,-72.47648|42.38327,-72.51368|42.33857,-72.52815|42.38186,-72.51968|42.37670,-72.53242|42.38505,-72.53096|42.37924,-72.51977|42.42513,-72.48888|42.41375,-72.52009|42.35962,-72.48046|42.35269,-72.47847|42.31734,-72.53539|42.36185,-72.48157|42.32114,-72.49365|42.34472,-72.47784|42.31408,-72.46699|42.31569,-72.47487|42.38598,-72.52256|42.41564,-72.50786|42.37571,-72.50636|42.40656,-72.51454|42.31920,-72.50663|42.41913,-72.50787|42.33523,-72.52553|42.40233,-72.52850|42.38441,-72.52416|42.37608,-72.51782|42.37616,-72.51756|42.32063,-72.49392|42.36527,-72.53401|42.36302,-72.49926|42.33267,-72.52357|42.37508,-72.52587|42.32254,-72.52327|42.35654,-72.50450|42.35156,-72.52788|42.37221,-72.48029|42.38548,-72.51904|42.34724,-72.48598|42.34003,-72.52018|42.34835,-72.52933|42.36359,-72.48607|42.38215,-72.50199|42.41513,-72.51877|42.37400,-72.51982|42.37124,-72.47995|42.35650,-72.49229|42.32176,-72.53416|42.38009,-72.52250|42.36493,-72.48334|42.40639,-72.51319|42.37879,-72.52700|42.38678,-72.52252|42.37533,-72.51134|42.38440,-72.53237|42.39471,-72.53189|42.36453,-72.48645|42.39061,-72.51969|42.39879,-72.52805|42.41138,-72.50921|42.41282,-72.51361|42.41160,-72.50806|42.39488,-72.52681|42.38306,-72.51892|42.35075,-72.50419|42.41531,-72.50592|42.40684,-72.53261|42.38564,-72.52515|42.35239,-72.50639|42.31708,-72.53471|42.38237,-72.53178|42.32412,-72.50380|42.33652,-72.53691|42.41315,-72.51193|42.37577,-72.51831|42.34547,-72.48584|42.34107,-72.50518|42.35581,-72.48037|42.34224,-72.50420|42.34400,-72.51587|42.35043,-72.53225|42.38825,-72.51065|42.37582,-72.51010|42.37303,-72.50888|42.37246,-72.52144|42.41068,-72.52375|42.37396,-72.52262|42.33327,-72.50465|42.37594,-72.48525|42.41764,-72.49625|42.41974,-72.51195|42.37876,-72.50345|42.36773,-72.47962|42.36526,-72.47884|42.37805,-72.51992|42.31646,-72.53368|42.36509,-72.48473|42.38055,-72.50773|42.40624,-72.52982|42.37318,-72.51695|42.38375,-72.52661|42.42585,-72.52885"
2020-11-18 01:28:45,054 INFO osmnx 3474
2020-11-18 01:28:45,055 INFO osmnx Retrieved response from cache file "cache/d0ef8e96a1558c54f37820abf126666e.json" for URL "https://api.open-elevation.com/api/v1/lookup?locations=42.31410,-72.53083|42.37246,-72.52668|42.37842,-72.51321|42.37580,-72.50390|42.35240,-72.47261|42.38510,-72.50743|42.34348,-72.47228|42.40892,-72.53791|42.36307,-72.48003|42.41428,-72.52816|42.35494,-72.48720|42.36437,-72.47701|42.37166,-72.51521|42.33434,-72.52338|42.38493,-72.52710|42.31795,-72.53397|42.33286,-72.50468|42.33398,-72.53490|42.41631,-72.52029|42.37644,-72.50053|42.37970,-72.52533|42.37803,-72.51680|42.37382,-72.53283|42.41759,-72.52212|42.32131,-72.49703|42.38435,-72.52871|42.40152,-72.51052|42.37935,-72.50791|42.32511,-72.52871|42.38478,-72.53249|42.38516,-72.53096|42.33618,-72.53534|42.32038,-72.53521|42.38356,-72.51640|42.38291,-72.52215|42.40466,-72.51487|42.38545,-72.52188|42.39557,-72.51134|42.31261,-72.50126|42.40774,-72.51599|42.37635,-72.48146|42.37321,-72.51981|42.35961,-72.48461|42.38471,-72.52859|42.34009,-72.51613|42.39856,-72.52945|42.37067,-72.51981|42.32433,-72.50119|42.36410,-72.48977|42.37539,-72.51140|42.37568,-72.50505|42.36658,-72.53343|42.37069,-72.47878|42.38117,-72.52382|42.33844,-72.53336|42.34684,-72.47930|42.37400,-72.48359|42.35040,-72.53335|42.40745,-72.51023|42.40294,-72.51315|42.34576,-72.51781|42.34606,-72.51880|42.36574,-72.53207|42.40329,-72.49611|42.37151,-72.51760|42.38086,-72.52375|42.40640,-72.52170|42.33754,-72.53551|42.39537,-72.52641|42.37823,-72.51108|42.37494,-72.48720|42.38797,-72.50791|42.38094,-72.50602|42.36456,-72.48541|42.37586,-72.51576|42.37402,-72.50207|42.38475,-72.53262|42.38227,-72.52005|42.40819,-72.50900|42.31407,-72.53384|42.35005,-72.52577|42.34470,-72.47982|42.39509,-72.52739|42.37941,-72.49975|42.42452,-72.49675|42.34905,-72.48318|42.40798,-72.51431|42.40568,-72.50518|42.41886,-72.50790|42.40029,-72.50841|42.37101,-72.52433|42.33344,-72.52089|42.39751,-72.53123|42.36645,-72.52602|42.38322,-72.51959|42.37756,-72.51991|42.33397,-72.53242|42.35788,-72.51767|42.31632,-72.47153|42.38383,-72.51351|42.37667,-72.51661|42.40632,-72.52295|42.37635,-72.48118|42.37291,-72.50119|42.31797,-72.50050|42.38490,-72.51585|42.36284,-72.52075|42.35155,-72.53230|42.39634,-72.52994|42.36423,-72.48352|42.39449,-72.51265|42.37479,-72.48616|42.31605,-72.48886|42.36214,-72.52452|42.35224,-72.49063|42.41615,-72.48963|42.38264,-72.52318|42.36324,-72.48903|42.40817,-72.51902|42.35606,-72.49536|42.38831,-72.51694|42.36181,-72.48782|42.36508,-72.48422|42.40342,-72.49587|42.35684,-72.48525|42.36301,-72.48045|42.38332,-72.52071|42.41627,-72.48675|42.37203,-72.51884|42.31497,-72.47139|42.40528,-72.51841|42.41584,-72.53322|42.37422,-72.52372|42.37322,-72.53050|42.38073,-72.53190|42.31858,-72.53327|42.36654,-72.48147|42.36954,-72.52733|42.32023,-72.53244|42.34073,-72.50460|42.35069,-72.50718|42.36885,-72.51998|42.31623,-72.53455|42.40680,-72.50599|42.35837,-72.48469|42.33508,-72.53527|42.40512,-72.51991|42.35831,-72.48253|42.35422,-72.52202|42.41461,-72.51728|42.37633,-72.51684|42.39622,-72.51103|42.35546,-72.49059|42.37836,-72.52493|42.36563,-72.48069|42.31721,-72.49566|42.31892,-72.52787|42.40343,-72.51323|42.34968,-72.48404|42.34907,-72.47608|42.38904,-72.51879|42.33730,-72.53138|42.37591,-72.51286|42.35156,-72.52738|42.32187,-72.53660|42.38037,-72.50620|42.38677,-72.50562|42.37918,-72.52211|42.33913,-72.51590|42.36435,-72.49985|42.35092,-72.52006|42.36545,-72.52556|42.38302,-72.51091|42.33582,-72.52464|42.40500,-72.53074|42.36305,-72.48151|42.32385,-72.50107|42.37476,-72.51576|42.37171,-72.48005|42.39983,-72.52984"
2020-11-18 01:28:45,056 INFO osmnx 3474
2020-11-18 01:28:45,056 INFO osmnx Retrieved response from cache file "cache/fe675cf4e6bb29d4a64992f7fabac32c.json" for URL "https://api.open-elevation.com/api/v1/lookup?locations=42.33523,-72.53233|42.32248,-72.49507|42.41299,-72.50799|42.34056,-72.47863|42.31332,-72.46611|42.35341,-72.47594|42.35347,-72.48833|42.37755,-72.53230|42.36239,-72.48501|42.34783,-72.51270|42.37464,-72.52746|42.34022,-72.50974|42.40516,-72.52970|42.36669,-72.53290|42.39930,-72.52971|42.38059,-72.50238|42.40234,-72.51535|42.37221,-72.48193|42.35400,-72.52416|42.41577,-72.52714|42.40651,-72.50804|42.34491,-72.48217|42.37874,-72.50801|42.40220,-72.53575|42.40598,-72.52423|42.34699,-72.47994|42.37142,-72.51638|42.37636,-72.48089|42.35664,-72.48216|42.38424,-72.51814|42.40405,-72.52725|42.37638,-72.48525|42.34549,-72.51828|42.36316,-72.47974|42.36714,-72.53330|42.37256,-72.49993|42.38137,-72.52291|42.37228,-72.51975|42.35979,-72.47972|42.40467,-72.52126|42.41047,-72.50730|42.40718,-72.52049|42.37806,-72.52676|42.41257,-72.52833|42.30584,-72.52951|42.35055,-72.50678|42.38531,-72.49865|42.38546,-72.52589|42.37393,-72.52133|42.36680,-72.53299|42.40574,-72.50623|42.41086,-72.50942|42.41488,-72.51901|42.37317,-72.51576|42.36199,-72.52076|42.37045,-72.51636|42.33574,-72.53220|42.37651,-72.48936|42.34014,-72.51321|42.34631,-72.47959|42.32471,-72.50372|42.38822,-72.51557|42.34699,-72.50414|42.35291,-72.48624|42.41554,-72.49065|42.38779,-72.50558|42.33907,-72.53316|42.41343,-72.51947|42.33273,-72.52081|42.37262,-72.52114|42.36590,-72.53214|42.36843,-72.52279|42.36439,-72.49890|42.40687,-72.50383|42.34667,-72.48291|42.37313,-72.51337|42.31708,-72.48009|42.37817,-72.48094|42.40630,-72.53056|42.35794,-72.48576|42.35706,-72.49672|42.33888,-72.53190|42.35237,-72.48882|42.40499,-72.52969|42.37970,-72.51085|42.40785,-72.53026|42.36713,-72.52331|42.41399,-72.51208|42.35426,-72.52446|42.35281,-72.52060|42.38482,-72.51533|42.37716,-72.51349|42.36696,-72.48016|42.35647,-72.51872|42.36300,-72.48068|42.34847,-72.53079|42.35511,-72.52075|42.37580,-72.50978|42.35497,-72.47620|42.36449,-72.53036|42.31957,-72.52631|42.41714,-72.52709|42.37581,-72.52156|42.31949,-72.52854|42.39476,-72.51565|42.42818,-72.52977|42.38263,-72.52825|42.39850,-72.51566|42.35776,-72.52090|42.38837,-72.52190|42.36510,-72.48443|42.36981,-72.48003|42.37289,-72.52512|42.37963,-72.51660|42.40874,-72.51574|42.34247,-72.51357|42.35486,-72.52725|42.40277,-72.51176|42.38000,-72.51948|42.37321,-72.51888|42.40278,-72.52029|42.41294,-72.50593|42.39825,-72.53113|42.37834,-72.51226|42.31763,-72.53327|42.38123,-72.51928|42.37414,-72.52568|42.38045,-72.51776|42.37581,-72.52140|42.33119,-72.50287|42.40830,-72.50585|42.38379,-72.51844|42.36325,-72.48230|42.40615,-72.51010|42.40832,-72.50710|42.33719,-72.52969|42.38164,-72.52692|42.41804,-72.49054|42.38488,-72.53255|42.36582,-72.48380|42.41448,-72.52798|42.35160,-72.52586|42.34031,-72.50461|42.39785,-72.52922|42.33796,-72.52131|42.37350,-72.50105|42.37475,-72.51525|42.33716,-72.51471|42.33766,-72.51255|42.36381,-72.49632|42.40636,-72.53515|42.31416,-72.48880|42.36330,-72.48892|42.31519,-72.53279|42.38018,-72.52011|42.33452,-72.53233|42.37391,-72.51576|42.37825,-72.50196|42.39666,-72.52884|42.38723,-72.51710|42.37811,-72.47885|42.34108,-72.50461|42.37437,-72.52896|42.36528,-72.48302|42.37628,-72.50108|42.32425,-72.50565|42.36229,-72.48820|42.33990,-72.50339|42.37775,-72.51580|42.37266,-72.52677|42.41704,-72.50967|42.40753,-72.54040|42.39804,-72.52807|42.39262,-72.51643|42.36341,-72.48269|42.34621,-72.47182|42.32479,-72.53320|42.37885,-72.50553|42.32013,-72.53790|42.40853,-72.53796"
2020-11-18 01:28:45,057 INFO osmnx 1878
2020-11-18 01:28:45,057 INFO osmnx Retrieved response from cache file "cache/e62291d2aadc03fb7aa70867b656b95c.json" for URL "https://api.open-elevation.com/api/v1/lookup?locations=42.40903,-72.53753|42.40907,-72.53741|42.40931,-72.53786|42.41014,-72.51715|42.40955,-72.51681|42.40927,-72.51766|42.41069,-72.51370|42.35144,-72.47646|42.40525,-72.52604|42.39510,-72.52701|42.39528,-72.52710|42.39559,-72.52713|42.40264,-72.52069|42.36559,-72.52813|42.36610,-72.52816|42.34766,-72.47430|42.34935,-72.47276|42.36315,-72.48377|42.36629,-72.48126|42.36829,-72.48172|42.39512,-72.52794|42.39618,-72.53043|42.31918,-72.52635|42.31944,-72.52599|42.31945,-72.52651|42.31874,-72.52740|42.32022,-72.52575|42.31807,-72.52901|42.31866,-72.52767|42.37610,-72.51777|42.42071,-72.53786|42.42151,-72.53773|42.42159,-72.53723|42.42180,-72.53791|42.36702,-72.51811|42.31440,-72.49582|42.39511,-72.52704|42.39527,-72.52711|42.39535,-72.52685|42.39534,-72.52682|42.39514,-72.52678|42.39517,-72.52675|42.31641,-72.50700|42.31921,-72.52609|42.31930,-72.52561|42.38586,-72.52261|42.38594,-72.52244|42.38841,-72.52081|42.35569,-72.48999|42.33621,-72.53750|42.34935,-72.53361|42.34870,-72.52398|42.34537,-72.51599|42.34520,-72.52132|42.34699,-72.50547|42.35658,-72.48533|42.35643,-72.48543|42.36640,-72.47835|42.36868,-72.47957|42.36423,-72.47602|42.31379,-72.46647|42.31430,-72.46674|42.33415,-72.52569|42.39261,-72.51868|42.39264,-72.51897|42.39118,-72.51888|42.40432,-72.51145|42.38173,-72.51054|42.38103,-72.51933|42.40202,-72.53483|42.38507,-72.51433|42.37518,-72.49025|42.31539,-72.53546|42.36994,-72.52006|42.35085,-72.47714|42.35336,-72.47751|42.41256,-72.51835|42.41093,-72.52127|42.39122,-72.52273|42.38145,-72.51927|42.38123,-72.51887|42.38156,-72.51913|42.38162,-72.51915|42.38168,-72.51929|42.38159,-72.51943|42.38147,-72.51938|42.38207,-72.51919|42.37933,-72.52003|42.39930,-72.51069|42.36824,-72.52005|42.37074,-72.52117|42.31627,-72.53022|42.31626,-72.52775|42.39269,-72.51870|42.41579,-72.51987|42.37491,-72.48211"
2020-11-18 01:28:45,058 INFO osmnx Graph has 816 nodes and we received 816 results from the elevation API.
2020-11-18 01:28:45,060 INFO osmnx 66590780      119
66590882       81
66591107       63
66591361       86
66592376       61
66592667       58
66592882       95
66592962       96
66593243      100
66593461       56
66594270       93
66594615       61
66594687       97
66595460      106
66596469      119
66596566       67
66596965      100
66597142       88
66597402      125
66597521       52
66597565       93
66598256       59
66598306       55
66598440      100
66598464       55
66598705       51
66599020      122
66599202       74
66600236       76
66600431      100
             ... 
5413534795     90
5413534820     97
5489277570     97
5580951622     54
5637885552     99
5637902339     66
5638457871    106
6302552885     95
6306827539     91
6306827544     91
6323843785     85
6323843800     74
6371920027     94
6744481746     94
6744481747     97
6744481752     94
6744481753     94
6744481755     94
6744481762     94
6744481764     94
6744481776     94
6744652171     97
6765019664    102
6775672007     86
6775672013     91
6896833902     91
6896833903     83
6944996752    119
7057072895     65
7281123021     89
Name: elevation, Length: 816, dtype: int64
2020-11-18 01:28:45,067 INFO osmnx Added elevation data to all nodes.
2020-11-18 01:28:45,081 INFO osmnx Added grade data to all edges.
2020-11-18 01:28:45,553 INFO osmnx Found nearest node (66701452) to point (42.3869382, -72.52991477067445) in 0.01 seconds
2020-11-18 01:28:45,567 INFO osmnx Found nearest node (66711889) to point (42.3497246, -72.5279153) in 0.01 seconds
2020-11-18 01:28:45,575 INFO osmnx Found nearest node (66701452) to point (42.3869382, -72.52991477067445) in 0.01 seconds
2020-11-18 01:28:45,586 INFO osmnx Found nearest node (66711889) to point (42.3497246, -72.5279153) in 0.01 seconds
2020-11-18 01:31:20,604 INFO osmnx Configured osmnx
2020-11-18 01:31:40,612 INFO osmnx Found nearest node (66701452) to point (42.3869382, -72.52991477067445) in 0.01 seconds
2020-11-18 01:31:40,621 INFO osmnx Found nearest node (66711889) to point (42.3497246, -72.5279153) in 0.01 seconds
2020-11-18 01:31:40,629 INFO osmnx Found nearest node (66701452) to point (42.3869382, -72.52991477067445) in 0.01 seconds
2020-11-18 01:31:40,637 INFO osmnx Found nearest node (66711889) to point (42.3497246, -72.5279153) in 0.01 seconds
2020-11-18 01:31:50,823 INFO osmnx Configured osmnx
2020-11-18 01:32:08,129 INFO osmnx Found nearest node (66701452) to point (42.3869382, -72.52991477067445) in 0.01 seconds
2020-11-18 01:32:08,138 INFO osmnx Found nearest node (66775442) to point (40.187362, -105.131657) in 0.01 seconds
2020-11-18 01:32:28,491 INFO osmnx Found nearest node (66701452) to point (42.3869382, -72.52991477067445) in 0.01 seconds
2020-11-18 01:32:28,500 INFO osmnx Found nearest node (66701452) to point (42.3869382, -72.52991477067445) in 0.01 seconds
2020-11-18 01:32:28,508 INFO osmnx Found nearest node (66701452) to point (42.3869382, -72.52991477067445) in 0.01 seconds
2020-11-18 01:32:28,516 INFO osmnx Found nearest node (66701452) to point (42.3869382, -72.52991477067445) in 0.01 seconds
2020-11-18 01:33:04,040 INFO osmnx Configured osmnx
2020-11-18 01:33:21,490 INFO osmnx Found nearest node (66701452) to point (42.3869382, -72.52991477067445) in 0.01 seconds
2020-11-18 01:33:21,500 INFO osmnx Found nearest node (66701452) to point (42.3869382, -72.52991477067445) in 0.01 seconds
2020-11-18 01:33:21,508 INFO osmnx Found nearest node (66701452) to point (42.3869382, -72.52991477067445) in 0.01 seconds
2020-11-18 01:33:21,516 INFO osmnx Found nearest node (66701452) to point (42.3869382, -72.52991477067445) in 0.01 seconds
2020-11-18 01:34:30,290 INFO osmnx Configured osmnx
2020-11-18 01:35:10,291 INFO osmnx Found nearest node (66701452) to point (42.3869382, -72.52991477067445) in 0.01 seconds
2020-11-18 01:35:10,300 INFO osmnx Found nearest node (66701452) to point (42.3869382, -72.52991477067445) in 0.01 seconds
2020-11-18 01:35:10,313 INFO osmnx Found nearest node (66701452) to point (42.3869382, -72.52991477067445) in 0.01 seconds
2020-11-18 01:35:10,322 INFO osmnx Found nearest node (66701452) to point (42.3869382, -72.52991477067445) in 0.01 seconds
2020-11-18 01:35:43,700 INFO osmnx Configured osmnx
2020-11-18 01:35:49,471 INFO osmnx Found nearest node (66701452) to point (42.3869382, -72.52991477067445) in 0.01 seconds
2020-11-18 01:35:49,480 INFO osmnx Found nearest node (66701452) to point (42.3869382, -72.52991477067445) in 0.01 seconds
2020-11-18 01:35:49,488 INFO osmnx Found nearest node (66701452) to point (42.3869382, -72.52991477067445) in 0.01 seconds
2020-11-18 01:35:49,496 INFO osmnx Found nearest node (66701452) to point (42.3869382, -72.52991477067445) in 0.01 seconds
2020-11-18 01:36:02,685 INFO osmnx Found nearest node (66701452) to point (42.3869382, -72.52991477067445) in 0.01 seconds
2020-11-18 01:36:02,694 INFO osmnx Found nearest node (66711889) to point (42.3497246, -72.5279153) in 0.01 seconds
2020-11-18 01:36:02,704 INFO osmnx Found nearest node (66701452) to point (42.3869382, -72.52991477067445) in 0.01 seconds
2020-11-18 01:36:02,723 INFO osmnx Found nearest node (66711889) to point (42.3497246, -72.5279153) in 0.02 seconds
2020-11-18 01:36:37,276 INFO osmnx Found nearest node (66701452) to point (42.3869382, -72.52991477067445) in 0.01 seconds
2020-11-18 01:36:37,284 INFO osmnx Found nearest node (66711889) to point (42.3497246, -72.5279153) in 0.01 seconds
2020-11-18 01:36:37,292 INFO osmnx Found nearest node (66701452) to point (42.3869382, -72.52991477067445) in 0.01 seconds
2020-11-18 01:36:37,300 INFO osmnx Found nearest node (66711889) to point (42.3497246, -72.5279153) in 0.01 seconds
2020-11-18 01:50:23,472 INFO osmnx Configured osmnx
2020-11-18 01:50:39,895 INFO osmnx Configured osmnx
2020-11-18 01:51:56,396 INFO osmnx Configured osmnx
2020-11-18 01:52:02,486 INFO osmnx Found nearest node (66701452) to point (42.3869382, -72.52991477067445) in 0.01 seconds
2020-11-18 01:52:02,496 INFO osmnx Found nearest node (66711889) to point (42.3497246, -72.5279153) in 0.01 seconds
2020-11-18 01:52:02,505 INFO osmnx Found nearest node (66701452) to point (42.3869382, -72.52991477067445) in 0.01 seconds
2020-11-18 01:52:02,513 INFO osmnx Found nearest node (66711889) to point (42.3497246, -72.5279153) in 0.01 seconds
2020-11-18 01:52:25,943 INFO osmnx Found nearest node (66701452) to point (42.3869382, -72.52991477067445) in 0.01 seconds
2020-11-18 01:52:25,952 INFO osmnx Found nearest node (66711889) to point (42.3497246, -72.5279153) in 0.01 seconds
2020-11-18 01:52:25,962 INFO osmnx Found nearest node (66701452) to point (42.3869382, -72.52991477067445) in 0.01 seconds
2020-11-18 01:52:25,971 INFO osmnx Found nearest node (66711889) to point (42.3497246, -72.5279153) in 0.01 seconds
